[65235] 31 Oct 17:14:17 # Warning: no config file specified, using the default config. In order to specify a config file use 'redis-server /path/to/redis.conf'
[65235] 31 Oct 17:14:17 * Server started, Redis version 2.4.17
[65235] 31 Oct 17:14:17 * The server is now ready to accept connections on port 6379
[65235] 31 Oct 17:14:18 - 0 clients connected (0 slaves), 922368 bytes in use
[65235] 31 Oct 17:14:23 - 0 clients connected (0 slaves), 922368 bytes in use
[65235] 31 Oct 17:14:28 - 0 clients connected (0 slaves), 922368 bytes in use
[65235] 31 Oct 17:14:33 - 0 clients connected (0 slaves), 922368 bytes in use
[65235] 31 Oct 17:14:38 - 0 clients connected (0 slaves), 922368 bytes in use
[65235] 31 Oct 17:14:43 - 0 clients connected (0 slaves), 922368 bytes in use
[65235] 31 Oct 17:14:48 - 0 clients connected (0 slaves), 922368 bytes in use
[65235] 31 Oct 17:14:53 - 0 clients connected (0 slaves), 922368 bytes in use
[65235] 31 Oct 17:14:59 - 0 clients connected (0 slaves), 922368 bytes in use
[65235] 31 Oct 17:15:04 - 0 clients connected (0 slaves), 922368 bytes in use
[65235] 31 Oct 17:15:09 - 0 clients connected (0 slaves), 922368 bytes in use
[65235] 31 Oct 17:15:14 - 0 clients connected (0 slaves), 922368 bytes in use
[65235] 31 Oct 17:15:19 - 0 clients connected (0 slaves), 922368 bytes in use
[65235] 31 Oct 17:15:24 - 0 clients connected (0 slaves), 922368 bytes in use
[65235] 31 Oct 17:15:29 - 0 clients connected (0 slaves), 922368 bytes in use
[65235] 31 Oct 17:15:34 - 0 clients connected (0 slaves), 922368 bytes in use
[65235] 31 Oct 17:15:39 - 0 clients connected (0 slaves), 922368 bytes in use
[65235] 31 Oct 17:15:44 - 0 clients connected (0 slaves), 922368 bytes in use
[65235] 31 Oct 17:15:49 - 0 clients connected (0 slaves), 922368 bytes in use
[65235] 31 Oct 17:15:54 - 0 clients connected (0 slaves), 922368 bytes in use
[65235] 31 Oct 17:15:59 - 0 clients connected (0 slaves), 922368 bytes in use
[65235] 31 Oct 17:16:04 - 0 clients connected (0 slaves), 922368 bytes in use
[65235] 31 Oct 17:16:09 - 0 clients connected (0 slaves), 922368 bytes in use
[65235] 31 Oct 17:16:14 - 0 clients connected (0 slaves), 922368 bytes in use
[65235] 31 Oct 17:16:19 - 0 clients connected (0 slaves), 922368 bytes in use
[65235] 31 Oct 17:16:24 - 0 clients connected (0 slaves), 922368 bytes in use
[65235] 31 Oct 17:16:29 - 0 clients connected (0 slaves), 922368 bytes in use
[65235] 31 Oct 17:16:34 - 0 clients connected (0 slaves), 922368 bytes in use
[65235] 31 Oct 17:16:39 - 0 clients connected (0 slaves), 922368 bytes in use
[65235] 31 Oct 17:16:44 - 0 clients connected (0 slaves), 922368 bytes in use
[65235] 31 Oct 17:16:49 - 0 clients connected (0 slaves), 922368 bytes in use
[65235] 31 Oct 17:16:54 - 0 clients connected (0 slaves), 922368 bytes in use
[65235] 31 Oct 17:16:59 - 0 clients connected (0 slaves), 922368 bytes in use
[65235] 31 Oct 17:17:05 - 0 clients connected (0 slaves), 922368 bytes in use
[65235] 31 Oct 17:17:10 - 0 clients connected (0 slaves), 922368 bytes in use
[65235] 31 Oct 17:17:15 - 0 clients connected (0 slaves), 922368 bytes in use
[65235] 31 Oct 17:17:20 - 0 clients connected (0 slaves), 922368 bytes in use
[65235] 31 Oct 17:17:25 - 0 clients connected (0 slaves), 922368 bytes in use
[65235] 31 Oct 17:17:30 - 0 clients connected (0 slaves), 922368 bytes in use
[65235] 31 Oct 17:17:35 - 0 clients connected (0 slaves), 922368 bytes in use
[65235] 31 Oct 17:17:40 - 0 clients connected (0 slaves), 922368 bytes in use
[65235] 31 Oct 17:17:45 - 0 clients connected (0 slaves), 922368 bytes in use
[65235] 31 Oct 17:17:50 - 0 clients connected (0 slaves), 922368 bytes in use
[65235] 31 Oct 17:17:55 - 0 clients connected (0 slaves), 922368 bytes in use
[65235] 31 Oct 17:18:00 - 0 clients connected (0 slaves), 922368 bytes in use
[65235] 31 Oct 17:18:05 - 0 clients connected (0 slaves), 922368 bytes in use
[65235] 31 Oct 17:18:10 - 0 clients connected (0 slaves), 922368 bytes in use
[65235] 31 Oct 17:18:15 - 0 clients connected (0 slaves), 922368 bytes in use
[65235] 31 Oct 17:18:20 - 0 clients connected (0 slaves), 922368 bytes in use
[65235] 31 Oct 17:18:25 - 0 clients connected (0 slaves), 922368 bytes in use
[65235] 31 Oct 17:18:30 - 0 clients connected (0 slaves), 922368 bytes in use
[65235] 31 Oct 17:18:35 - 0 clients connected (0 slaves), 922368 bytes in use
[65235] 31 Oct 17:18:40 - 0 clients connected (0 slaves), 922368 bytes in use
[65235] 31 Oct 17:18:45 - 0 clients connected (0 slaves), 922368 bytes in use
[65235] 31 Oct 17:18:50 - 0 clients connected (0 slaves), 922368 bytes in use
[65235] 31 Oct 17:18:55 - 0 clients connected (0 slaves), 922368 bytes in use
[65235] 31 Oct 17:19:00 - 0 clients connected (0 slaves), 922368 bytes in use
[65235] 31 Oct 17:19:05 - 0 clients connected (0 slaves), 922368 bytes in use
[65235] 31 Oct 17:19:11 - 0 clients connected (0 slaves), 922368 bytes in use
[65235] 31 Oct 17:19:16 - 0 clients connected (0 slaves), 922368 bytes in use
[65235] 31 Oct 17:19:21 - 0 clients connected (0 slaves), 922368 bytes in use
[65235] 31 Oct 17:19:26 - 0 clients connected (0 slaves), 922368 bytes in use
[65235] 31 Oct 17:19:31 - 0 clients connected (0 slaves), 922368 bytes in use
[65235] 31 Oct 17:19:36 - 0 clients connected (0 slaves), 922368 bytes in use
[65235] 31 Oct 17:19:41 - 0 clients connected (0 slaves), 922368 bytes in use
[65235] 31 Oct 17:19:46 - 0 clients connected (0 slaves), 922368 bytes in use
[65235] 31 Oct 17:19:51 - 0 clients connected (0 slaves), 922368 bytes in use
[65235] 31 Oct 17:19:56 - 0 clients connected (0 slaves), 922368 bytes in use
[65235] 31 Oct 17:20:01 - 0 clients connected (0 slaves), 922368 bytes in use
[65235] 31 Oct 17:20:06 - 0 clients connected (0 slaves), 922368 bytes in use
[65235] 31 Oct 17:20:11 - 0 clients connected (0 slaves), 922368 bytes in use
[65235] 31 Oct 17:20:16 - 0 clients connected (0 slaves), 922368 bytes in use
[65235] 31 Oct 17:20:21 - 0 clients connected (0 slaves), 922368 bytes in use
[65235] 31 Oct 17:20:26 - 0 clients connected (0 slaves), 922368 bytes in use
[65235] 31 Oct 17:20:31 - 0 clients connected (0 slaves), 922368 bytes in use
[65235] 31 Oct 17:20:36 - 0 clients connected (0 slaves), 922368 bytes in use
[65235] 31 Oct 17:20:41 - 0 clients connected (0 slaves), 922368 bytes in use
[65235] 31 Oct 17:20:46 - 0 clients connected (0 slaves), 922368 bytes in use
[65235] 31 Oct 17:20:51 - 0 clients connected (0 slaves), 922368 bytes in use
[65235] 31 Oct 17:20:56 - 0 clients connected (0 slaves), 922368 bytes in use
[65235] 31 Oct 17:21:01 - 0 clients connected (0 slaves), 922368 bytes in use
[65235] 31 Oct 17:21:06 - 0 clients connected (0 slaves), 922368 bytes in use
[65235] 31 Oct 17:21:11 - 0 clients connected (0 slaves), 922368 bytes in use
[65235] 31 Oct 17:21:16 - 0 clients connected (0 slaves), 922368 bytes in use
[65235] 31 Oct 17:21:22 - 0 clients connected (0 slaves), 922368 bytes in use
[65235] 31 Oct 17:21:27 - 0 clients connected (0 slaves), 922368 bytes in use
[65235] 31 Oct 17:21:32 - 0 clients connected (0 slaves), 922368 bytes in use
[65235] 31 Oct 17:21:37 - 0 clients connected (0 slaves), 922368 bytes in use
[65235] 31 Oct 17:21:42 - 0 clients connected (0 slaves), 922368 bytes in use
[65235] 31 Oct 17:21:47 - 0 clients connected (0 slaves), 922368 bytes in use
[65235] 31 Oct 17:21:52 - 0 clients connected (0 slaves), 922368 bytes in use
[65235] 31 Oct 17:21:57 - 0 clients connected (0 slaves), 922368 bytes in use
[65235] 31 Oct 17:22:02 - 0 clients connected (0 slaves), 922368 bytes in use
[65235] 31 Oct 17:22:07 - 0 clients connected (0 slaves), 922368 bytes in use
[65235] 31 Oct 17:22:12 - 0 clients connected (0 slaves), 922368 bytes in use
[65235] 31 Oct 17:22:17 - 0 clients connected (0 slaves), 922368 bytes in use
[65235] 31 Oct 17:22:22 - 0 clients connected (0 slaves), 922368 bytes in use
[65235] 31 Oct 17:22:27 - 0 clients connected (0 slaves), 922368 bytes in use
[65235] 31 Oct 17:22:32 - 0 clients connected (0 slaves), 922368 bytes in use
[65235] 31 Oct 17:22:37 - 0 clients connected (0 slaves), 922368 bytes in use
[65235] 31 Oct 17:22:42 - 0 clients connected (0 slaves), 922368 bytes in use
[65235] 31 Oct 17:22:47 - 0 clients connected (0 slaves), 922368 bytes in use
[65235] 31 Oct 17:22:52 - 0 clients connected (0 slaves), 922368 bytes in use
[65235] 31 Oct 17:22:57 - 0 clients connected (0 slaves), 922368 bytes in use
[65235] 31 Oct 17:23:02 - 0 clients connected (0 slaves), 922368 bytes in use
[65235] 31 Oct 17:23:07 - 0 clients connected (0 slaves), 922368 bytes in use
[65235] 31 Oct 17:23:12 - 0 clients connected (0 slaves), 922368 bytes in use
[65235] 31 Oct 17:23:17 - 0 clients connected (0 slaves), 922368 bytes in use
[65235] 31 Oct 17:23:22 - 0 clients connected (0 slaves), 922368 bytes in use
[65235] 31 Oct 17:23:27 - 0 clients connected (0 slaves), 922368 bytes in use
[65235] 31 Oct 17:23:32 - 0 clients connected (0 slaves), 922368 bytes in use
[65235] 31 Oct 17:23:38 - 0 clients connected (0 slaves), 922368 bytes in use
[65235] 31 Oct 17:23:43 - 0 clients connected (0 slaves), 922368 bytes in use
[65235] 31 Oct 17:23:48 - 0 clients connected (0 slaves), 922368 bytes in use
[65235] 31 Oct 17:23:53 - 0 clients connected (0 slaves), 922368 bytes in use
[65235] 31 Oct 17:23:58 - 0 clients connected (0 slaves), 922368 bytes in use
[65235] 31 Oct 17:24:03 - 0 clients connected (0 slaves), 922368 bytes in use
[65235] 31 Oct 17:24:08 - 0 clients connected (0 slaves), 922368 bytes in use
[65235] 31 Oct 17:24:13 - 0 clients connected (0 slaves), 922368 bytes in use
[65235] 31 Oct 17:24:18 - 0 clients connected (0 slaves), 922368 bytes in use
[65235] 31 Oct 17:24:23 - 0 clients connected (0 slaves), 922368 bytes in use
[65235] 31 Oct 17:24:28 - 0 clients connected (0 slaves), 922368 bytes in use
[65235] 31 Oct 17:24:33 - 0 clients connected (0 slaves), 922368 bytes in use
[65235] 31 Oct 17:24:38 - 0 clients connected (0 slaves), 922368 bytes in use
[65235] 31 Oct 17:24:43 - 0 clients connected (0 slaves), 922368 bytes in use
[65235] 31 Oct 17:24:48 - 0 clients connected (0 slaves), 922368 bytes in use
[65235] 31 Oct 17:24:53 - 0 clients connected (0 slaves), 922368 bytes in use
[65235] 31 Oct 17:24:58 - 0 clients connected (0 slaves), 922368 bytes in use
[65235] 31 Oct 17:25:03 - 0 clients connected (0 slaves), 922368 bytes in use
[65235] 31 Oct 17:25:08 - 0 clients connected (0 slaves), 922368 bytes in use
[65235] 31 Oct 17:25:13 - 0 clients connected (0 slaves), 922368 bytes in use
[65235] 31 Oct 17:25:18 - 0 clients connected (0 slaves), 922368 bytes in use
[65235] 31 Oct 17:25:23 - 0 clients connected (0 slaves), 922368 bytes in use
[65235] 31 Oct 17:25:28 - 0 clients connected (0 slaves), 922368 bytes in use
[65235] 31 Oct 17:25:33 - 0 clients connected (0 slaves), 922368 bytes in use
[65235] 31 Oct 17:25:39 - 0 clients connected (0 slaves), 922368 bytes in use
[65235] 31 Oct 17:25:44 - 0 clients connected (0 slaves), 922368 bytes in use
[65235] 31 Oct 17:25:49 - 0 clients connected (0 slaves), 922368 bytes in use
[65235] 31 Oct 17:25:54 - 0 clients connected (0 slaves), 922368 bytes in use
[65235] 31 Oct 17:25:59 - 0 clients connected (0 slaves), 922368 bytes in use
[65235] 31 Oct 17:26:04 - 0 clients connected (0 slaves), 922368 bytes in use
[65235] 31 Oct 17:26:09 - 0 clients connected (0 slaves), 922368 bytes in use
[65235] 31 Oct 17:26:14 - 0 clients connected (0 slaves), 922368 bytes in use
[65235] 31 Oct 17:26:19 - 0 clients connected (0 slaves), 922368 bytes in use
[65235] 31 Oct 17:26:24 - 0 clients connected (0 slaves), 922368 bytes in use
[65235] 31 Oct 17:26:29 - 0 clients connected (0 slaves), 922368 bytes in use
[65235] 31 Oct 17:26:34 - 0 clients connected (0 slaves), 922368 bytes in use
[65235] 31 Oct 17:26:39 - 0 clients connected (0 slaves), 922368 bytes in use
[65235] 31 Oct 17:26:44 - 0 clients connected (0 slaves), 922368 bytes in use
[65235] 31 Oct 17:26:49 - 0 clients connected (0 slaves), 922368 bytes in use
[65235] 31 Oct 17:26:54 - 0 clients connected (0 slaves), 922368 bytes in use
[65235] 31 Oct 17:26:59 - 0 clients connected (0 slaves), 922368 bytes in use
[65235] 31 Oct 17:27:04 - 0 clients connected (0 slaves), 922368 bytes in use
[65235] 31 Oct 17:27:09 - 0 clients connected (0 slaves), 922368 bytes in use
[65235] 31 Oct 17:27:14 - 0 clients connected (0 slaves), 922368 bytes in use
[65235] 31 Oct 17:27:19 - 0 clients connected (0 slaves), 922368 bytes in use
[65235] 31 Oct 17:27:24 - 0 clients connected (0 slaves), 922368 bytes in use
[65235] 31 Oct 17:27:29 - 0 clients connected (0 slaves), 922368 bytes in use
[65235] 31 Oct 17:27:34 - 0 clients connected (0 slaves), 922368 bytes in use
[65235] 31 Oct 17:27:40 - 0 clients connected (0 slaves), 922368 bytes in use
[65235] 31 Oct 17:27:45 - 0 clients connected (0 slaves), 922368 bytes in use
[65235] 31 Oct 17:27:50 - 0 clients connected (0 slaves), 922368 bytes in use
[65235] 31 Oct 17:27:55 - 0 clients connected (0 slaves), 922368 bytes in use
[65235] 31 Oct 17:28:00 - 0 clients connected (0 slaves), 922368 bytes in use
[65235] 31 Oct 17:28:05 - 0 clients connected (0 slaves), 922368 bytes in use
[65235] 31 Oct 17:28:10 - 0 clients connected (0 slaves), 922368 bytes in use
[65235] 31 Oct 17:28:15 - 0 clients connected (0 slaves), 922368 bytes in use
[65235] 31 Oct 17:28:20 - 0 clients connected (0 slaves), 922368 bytes in use
[65235] 31 Oct 17:28:25 - 0 clients connected (0 slaves), 922368 bytes in use
[65235] 31 Oct 17:28:30 - 0 clients connected (0 slaves), 922368 bytes in use
[65235] 31 Oct 17:28:35 - 0 clients connected (0 slaves), 922368 bytes in use
[65235] 31 Oct 17:28:40 - 0 clients connected (0 slaves), 922368 bytes in use
[65235] 31 Oct 17:28:45 - 0 clients connected (0 slaves), 922368 bytes in use
[65235] 31 Oct 17:28:50 - 0 clients connected (0 slaves), 922368 bytes in use
[65235] 31 Oct 17:28:55 - 0 clients connected (0 slaves), 922368 bytes in use
[65235] 31 Oct 17:29:00 - 0 clients connected (0 slaves), 922368 bytes in use
[65235] 31 Oct 17:29:05 - 0 clients connected (0 slaves), 922368 bytes in use
[65235] 31 Oct 17:29:10 - 0 clients connected (0 slaves), 922368 bytes in use
[65235] 31 Oct 17:29:15 - 0 clients connected (0 slaves), 922368 bytes in use
[65235] 31 Oct 17:29:20 - 0 clients connected (0 slaves), 922368 bytes in use
[65235] 31 Oct 17:29:25 - 0 clients connected (0 slaves), 922368 bytes in use
[65235] 31 Oct 17:29:30 - 0 clients connected (0 slaves), 922368 bytes in use
[65235] 31 Oct 17:29:35 - 0 clients connected (0 slaves), 922368 bytes in use
[65235] 31 Oct 17:29:40 - 0 clients connected (0 slaves), 922368 bytes in use
[65235] 31 Oct 17:29:45 - 0 clients connected (0 slaves), 922368 bytes in use
[65235] 31 Oct 17:29:50 - 0 clients connected (0 slaves), 922368 bytes in use
[65235] 31 Oct 17:29:55 - 0 clients connected (0 slaves), 922368 bytes in use
[65235] 31 Oct 17:30:00 - 0 clients connected (0 slaves), 922368 bytes in use
[65235] 31 Oct 17:30:05 - 0 clients connected (0 slaves), 922368 bytes in use
[65235] 31 Oct 17:30:10 - 0 clients connected (0 slaves), 922368 bytes in use
[65235] 31 Oct 17:30:16 - 0 clients connected (0 slaves), 922368 bytes in use
[65235] 31 Oct 17:30:21 - 0 clients connected (0 slaves), 922368 bytes in use
[65235] 31 Oct 17:30:26 - 0 clients connected (0 slaves), 922368 bytes in use
[65235] 31 Oct 17:30:31 - 0 clients connected (0 slaves), 922368 bytes in use
[65235] 31 Oct 17:30:36 - 0 clients connected (0 slaves), 922368 bytes in use
[65235] 31 Oct 17:30:41 - 0 clients connected (0 slaves), 922368 bytes in use
[65235] 31 Oct 17:30:46 - 0 clients connected (0 slaves), 922368 bytes in use
[65235] 31 Oct 17:30:51 - 0 clients connected (0 slaves), 922368 bytes in use
[65235] 31 Oct 17:30:56 - 0 clients connected (0 slaves), 922368 bytes in use
[65235] 31 Oct 17:31:01 - 0 clients connected (0 slaves), 922368 bytes in use
[65235] 31 Oct 17:31:06 - 0 clients connected (0 slaves), 922368 bytes in use
[65235] 31 Oct 17:31:11 - 0 clients connected (0 slaves), 922368 bytes in use
[65235] 31 Oct 17:31:16 - 0 clients connected (0 slaves), 922368 bytes in use
[65235] 31 Oct 17:31:21 - 0 clients connected (0 slaves), 922368 bytes in use
[65235] 31 Oct 17:31:26 - 0 clients connected (0 slaves), 922368 bytes in use
[65235] 31 Oct 17:31:31 - 0 clients connected (0 slaves), 922368 bytes in use
[65235] 31 Oct 17:31:36 - 0 clients connected (0 slaves), 922368 bytes in use
[65235] 31 Oct 17:31:41 - 0 clients connected (0 slaves), 922368 bytes in use
[65235] 31 Oct 17:31:46 - 0 clients connected (0 slaves), 922368 bytes in use
[65235] 31 Oct 17:31:51 - 0 clients connected (0 slaves), 922368 bytes in use
[65235] 31 Oct 17:31:56 - 0 clients connected (0 slaves), 922368 bytes in use
[65235] 31 Oct 17:32:01 - 0 clients connected (0 slaves), 922368 bytes in use
[65235] 31 Oct 17:32:06 - 0 clients connected (0 slaves), 922368 bytes in use
[65235] 31 Oct 17:32:11 - 0 clients connected (0 slaves), 922368 bytes in use
[65235] 31 Oct 17:32:16 - 0 clients connected (0 slaves), 922368 bytes in use
[65235] 31 Oct 17:32:21 - 0 clients connected (0 slaves), 922368 bytes in use
[65235] 31 Oct 17:32:26 - 0 clients connected (0 slaves), 922368 bytes in use
[65235] 31 Oct 17:32:31 - 0 clients connected (0 slaves), 922368 bytes in use
[65235] 31 Oct 17:32:36 - 0 clients connected (0 slaves), 922368 bytes in use
[65235] 31 Oct 17:32:41 - 0 clients connected (0 slaves), 922368 bytes in use
[65235] 31 Oct 17:32:47 - 0 clients connected (0 slaves), 922368 bytes in use
[65235] 31 Oct 17:32:52 - 0 clients connected (0 slaves), 922368 bytes in use
[65235] 31 Oct 17:32:57 - 0 clients connected (0 slaves), 922368 bytes in use
[65235] 31 Oct 17:33:02 - 0 clients connected (0 slaves), 922368 bytes in use
[65235] 31 Oct 17:33:07 - 0 clients connected (0 slaves), 922368 bytes in use
[65235] 31 Oct 17:33:12 - 0 clients connected (0 slaves), 922368 bytes in use
[65235] 31 Oct 17:33:17 - 0 clients connected (0 slaves), 922368 bytes in use
[65235] 31 Oct 17:33:22 - 0 clients connected (0 slaves), 922368 bytes in use
[65235] 31 Oct 17:33:27 - 0 clients connected (0 slaves), 922368 bytes in use
[65235] 31 Oct 17:33:32 - 0 clients connected (0 slaves), 922368 bytes in use
[65235] 31 Oct 17:33:37 - 0 clients connected (0 slaves), 922368 bytes in use
[65235] 31 Oct 17:33:42 - 0 clients connected (0 slaves), 922368 bytes in use
[65235] 31 Oct 17:33:47 - 0 clients connected (0 slaves), 922368 bytes in use
[65235] 31 Oct 17:33:52 - 0 clients connected (0 slaves), 922368 bytes in use
[65235] 31 Oct 17:33:57 - 0 clients connected (0 slaves), 922368 bytes in use
[65235] 31 Oct 17:34:02 - 0 clients connected (0 slaves), 922368 bytes in use
[65235] 31 Oct 17:34:07 - 0 clients connected (0 slaves), 922368 bytes in use
[65235] 31 Oct 17:34:12 - 0 clients connected (0 slaves), 922368 bytes in use
[65235] 31 Oct 17:34:17 - 0 clients connected (0 slaves), 922368 bytes in use
[65235] 31 Oct 17:34:22 - 0 clients connected (0 slaves), 922368 bytes in use
[65235] 31 Oct 17:34:27 - 0 clients connected (0 slaves), 922368 bytes in use
[65235] 31 Oct 17:34:32 - 0 clients connected (0 slaves), 922368 bytes in use
[65235] 31 Oct 17:34:37 - 0 clients connected (0 slaves), 922368 bytes in use
[65235] 31 Oct 17:34:42 - 0 clients connected (0 slaves), 922368 bytes in use
[65235] 31 Oct 17:34:47 - 0 clients connected (0 slaves), 922368 bytes in use
[65235] 31 Oct 17:34:52 - 0 clients connected (0 slaves), 922368 bytes in use
[65235] 31 Oct 17:34:57 - 0 clients connected (0 slaves), 922368 bytes in use
[65235] 31 Oct 17:35:02 - 0 clients connected (0 slaves), 922368 bytes in use
[65235] 31 Oct 17:35:07 - 0 clients connected (0 slaves), 922368 bytes in use
[65235] 31 Oct 17:35:12 - 0 clients connected (0 slaves), 922368 bytes in use
[65235] 31 Oct 17:35:17 - 0 clients connected (0 slaves), 922368 bytes in use
[65235] 31 Oct 17:35:22 - 0 clients connected (0 slaves), 922368 bytes in use
[65235] 31 Oct 17:35:27 - 0 clients connected (0 slaves), 922368 bytes in use
[65235] 31 Oct 17:35:32 - 0 clients connected (0 slaves), 922368 bytes in use
[65235] 31 Oct 17:35:38 - 0 clients connected (0 slaves), 922368 bytes in use
[65235] 31 Oct 17:35:43 - 0 clients connected (0 slaves), 922368 bytes in use
[65235] 31 Oct 17:35:48 - 0 clients connected (0 slaves), 922368 bytes in use
[65235] 31 Oct 17:35:53 - 0 clients connected (0 slaves), 922368 bytes in use
[65235] 31 Oct 17:35:58 - 0 clients connected (0 slaves), 922368 bytes in use
[65235] 31 Oct 17:36:03 - 0 clients connected (0 slaves), 922368 bytes in use
[65235] 31 Oct 17:36:08 - 0 clients connected (0 slaves), 922368 bytes in use
[65235] 31 Oct 17:36:13 - 0 clients connected (0 slaves), 922368 bytes in use
[65235] 31 Oct 17:36:18 - 0 clients connected (0 slaves), 922368 bytes in use
[65235] 31 Oct 17:36:23 - 0 clients connected (0 slaves), 922368 bytes in use
[65235] 31 Oct 17:36:28 - 0 clients connected (0 slaves), 922368 bytes in use
[65235] 31 Oct 17:36:33 - 0 clients connected (0 slaves), 922368 bytes in use
[65235] 31 Oct 17:36:38 - 0 clients connected (0 slaves), 922368 bytes in use
[65235] 31 Oct 17:36:43 - 0 clients connected (0 slaves), 922368 bytes in use
[65235] 31 Oct 17:36:48 - 0 clients connected (0 slaves), 922368 bytes in use
[65235] 31 Oct 17:36:53 - 0 clients connected (0 slaves), 922368 bytes in use
[65235] 31 Oct 17:36:58 - 0 clients connected (0 slaves), 922368 bytes in use
[65235] 31 Oct 17:37:03 - 0 clients connected (0 slaves), 922368 bytes in use
[65235] 31 Oct 17:37:08 - 0 clients connected (0 slaves), 922368 bytes in use
[65235] 31 Oct 17:37:13 - 0 clients connected (0 slaves), 922368 bytes in use
[65235] 31 Oct 17:37:18 - 0 clients connected (0 slaves), 922368 bytes in use
[65235] 31 Oct 17:37:23 - 0 clients connected (0 slaves), 922368 bytes in use
[65235] 31 Oct 17:37:28 - 0 clients connected (0 slaves), 922368 bytes in use
[65235] 31 Oct 17:37:33 - 0 clients connected (0 slaves), 922368 bytes in use
[65235] 31 Oct 17:37:38 - 0 clients connected (0 slaves), 922368 bytes in use
[65235] 31 Oct 17:37:43 - 0 clients connected (0 slaves), 922368 bytes in use
[65235] 31 Oct 17:37:48 - 0 clients connected (0 slaves), 922368 bytes in use
[65235] 31 Oct 17:37:54 - 0 clients connected (0 slaves), 922368 bytes in use
[65235] 31 Oct 17:37:59 - 0 clients connected (0 slaves), 922368 bytes in use
[65235] 31 Oct 17:38:04 - 0 clients connected (0 slaves), 922368 bytes in use
[65235] 31 Oct 17:38:09 - 0 clients connected (0 slaves), 922368 bytes in use
[65235] 31 Oct 17:38:14 - 0 clients connected (0 slaves), 922368 bytes in use
[65235] 31 Oct 17:38:19 - 0 clients connected (0 slaves), 922368 bytes in use
[65235] 31 Oct 17:38:24 - 0 clients connected (0 slaves), 922368 bytes in use
[65235] 31 Oct 17:38:29 - 0 clients connected (0 slaves), 922368 bytes in use
[65235] 31 Oct 17:38:34 - 0 clients connected (0 slaves), 922368 bytes in use
[65235] 31 Oct 17:38:39 - 0 clients connected (0 slaves), 922368 bytes in use
[65235] 31 Oct 17:38:44 - 0 clients connected (0 slaves), 922368 bytes in use
[65235] 31 Oct 17:38:49 - 0 clients connected (0 slaves), 922368 bytes in use
[65235] 31 Oct 17:38:54 - 0 clients connected (0 slaves), 922368 bytes in use
[65235] 31 Oct 17:38:59 - 0 clients connected (0 slaves), 922368 bytes in use
[65235] 31 Oct 17:39:04 - 0 clients connected (0 slaves), 922368 bytes in use
[65235] 31 Oct 17:39:09 - 0 clients connected (0 slaves), 922368 bytes in use
[65235] 31 Oct 17:39:14 - 0 clients connected (0 slaves), 922368 bytes in use
[65235] 31 Oct 17:39:19 - 0 clients connected (0 slaves), 922368 bytes in use
[65235] 31 Oct 17:39:24 - 0 clients connected (0 slaves), 922368 bytes in use
[65235] 31 Oct 17:39:29 - 0 clients connected (0 slaves), 922368 bytes in use
[65235] 31 Oct 17:39:34 - 0 clients connected (0 slaves), 922368 bytes in use
[65235] 31 Oct 17:39:39 - 0 clients connected (0 slaves), 922368 bytes in use
[65235] 31 Oct 17:39:44 - 0 clients connected (0 slaves), 922368 bytes in use
[65235] 31 Oct 17:39:49 - 0 clients connected (0 slaves), 922368 bytes in use
[65235] 31 Oct 17:39:54 - 0 clients connected (0 slaves), 922368 bytes in use
[65235] 31 Oct 17:39:59 - 0 clients connected (0 slaves), 922368 bytes in use
[65235] 31 Oct 17:40:05 - 0 clients connected (0 slaves), 922368 bytes in use
[65235] 31 Oct 17:40:10 - 0 clients connected (0 slaves), 922368 bytes in use
[65235] 31 Oct 17:40:15 - 0 clients connected (0 slaves), 922368 bytes in use
[65235] 31 Oct 17:40:20 - 0 clients connected (0 slaves), 922368 bytes in use
[65235] 31 Oct 17:40:25 - 0 clients connected (0 slaves), 922368 bytes in use
[65235] 31 Oct 17:40:30 - 0 clients connected (0 slaves), 922368 bytes in use
[65235] 31 Oct 17:40:35 - 0 clients connected (0 slaves), 922368 bytes in use
[65235] 31 Oct 17:40:40 - 0 clients connected (0 slaves), 922368 bytes in use
[65235] 31 Oct 17:40:45 - 0 clients connected (0 slaves), 922368 bytes in use
[65235] 31 Oct 17:40:50 - 0 clients connected (0 slaves), 922368 bytes in use
[65235] 31 Oct 17:40:55 - 0 clients connected (0 slaves), 922368 bytes in use
[65235] 31 Oct 17:41:00 - 0 clients connected (0 slaves), 922368 bytes in use
[65235] 31 Oct 17:41:05 - 0 clients connected (0 slaves), 922368 bytes in use
[65235] 31 Oct 17:41:10 - 0 clients connected (0 slaves), 922368 bytes in use
[65235] 31 Oct 17:41:15 - 0 clients connected (0 slaves), 922368 bytes in use
[65235] 31 Oct 17:41:20 - 0 clients connected (0 slaves), 922368 bytes in use
[65235] 31 Oct 17:41:25 - 0 clients connected (0 slaves), 922368 bytes in use
[65235] 31 Oct 17:41:30 - 0 clients connected (0 slaves), 922368 bytes in use
[65235] 31 Oct 17:41:35 - 0 clients connected (0 slaves), 922368 bytes in use
[65235] 31 Oct 17:41:40 - 0 clients connected (0 slaves), 922368 bytes in use
[65235] 31 Oct 17:41:45 - 0 clients connected (0 slaves), 922368 bytes in use
[65235] 31 Oct 17:41:50 - 0 clients connected (0 slaves), 922368 bytes in use
[65235] 31 Oct 17:41:55 - 0 clients connected (0 slaves), 922368 bytes in use
[65235] 31 Oct 17:42:00 - 0 clients connected (0 slaves), 922368 bytes in use
[65235] 31 Oct 17:42:05 - 0 clients connected (0 slaves), 922368 bytes in use
[65235] 31 Oct 17:42:10 - 0 clients connected (0 slaves), 922368 bytes in use
[65235] 31 Oct 17:42:16 - 0 clients connected (0 slaves), 922368 bytes in use
[65235] 31 Oct 17:42:21 - 0 clients connected (0 slaves), 922368 bytes in use
[65235] 31 Oct 17:42:26 - 0 clients connected (0 slaves), 922368 bytes in use
[65235] 31 Oct 17:42:31 - 0 clients connected (0 slaves), 922368 bytes in use
[65235] 31 Oct 17:42:36 - 0 clients connected (0 slaves), 922368 bytes in use
[65235] 31 Oct 17:42:41 - 0 clients connected (0 slaves), 922368 bytes in use
[65235] 31 Oct 17:42:46 - 0 clients connected (0 slaves), 922368 bytes in use
[65235] 31 Oct 17:42:51 - 0 clients connected (0 slaves), 922368 bytes in use
[65235] 31 Oct 17:42:56 - 0 clients connected (0 slaves), 922368 bytes in use
[65235] 31 Oct 17:43:01 - 0 clients connected (0 slaves), 922368 bytes in use
[65235] 31 Oct 17:43:06 - 0 clients connected (0 slaves), 922368 bytes in use
[65235] 31 Oct 17:43:11 - 0 clients connected (0 slaves), 922368 bytes in use
[65235] 31 Oct 17:43:16 - 0 clients connected (0 slaves), 922368 bytes in use
[65235] 31 Oct 17:43:21 - 0 clients connected (0 slaves), 922368 bytes in use
[65235] 31 Oct 17:43:26 - 0 clients connected (0 slaves), 922368 bytes in use
[65235] 31 Oct 17:43:31 - 0 clients connected (0 slaves), 922368 bytes in use
[65235] 31 Oct 17:43:36 - 0 clients connected (0 slaves), 922368 bytes in use
[65235] 31 Oct 17:43:41 - 0 clients connected (0 slaves), 922368 bytes in use
[65235] 31 Oct 17:43:46 - 0 clients connected (0 slaves), 922368 bytes in use
[65235] 31 Oct 17:43:51 - 0 clients connected (0 slaves), 922368 bytes in use
[65235] 31 Oct 17:43:56 - 0 clients connected (0 slaves), 922368 bytes in use
[65235] 31 Oct 17:44:01 - 0 clients connected (0 slaves), 922368 bytes in use
[65235] 31 Oct 17:44:06 - 0 clients connected (0 slaves), 922368 bytes in use
[65235] 31 Oct 17:44:11 - 0 clients connected (0 slaves), 922368 bytes in use
[65235] 31 Oct 17:44:16 - 0 clients connected (0 slaves), 922368 bytes in use
[65235] 31 Oct 17:44:22 - 0 clients connected (0 slaves), 922368 bytes in use
[65235] 31 Oct 17:44:27 - 0 clients connected (0 slaves), 922368 bytes in use
[65235] 31 Oct 17:44:32 - 0 clients connected (0 slaves), 922368 bytes in use
[65235] 31 Oct 17:44:37 - 0 clients connected (0 slaves), 922368 bytes in use
[65235] 31 Oct 17:44:42 - 0 clients connected (0 slaves), 922368 bytes in use
[65235] 31 Oct 17:44:47 - 0 clients connected (0 slaves), 922368 bytes in use
[65235] 31 Oct 17:44:52 - 0 clients connected (0 slaves), 922368 bytes in use
[65235] 31 Oct 17:44:57 - 0 clients connected (0 slaves), 922368 bytes in use
[65235] 31 Oct 17:45:02 - 0 clients connected (0 slaves), 922368 bytes in use
[65235] 31 Oct 17:45:07 - 0 clients connected (0 slaves), 922368 bytes in use
[65235] 31 Oct 17:45:12 - 0 clients connected (0 slaves), 922368 bytes in use
[65235] 31 Oct 17:45:17 - 0 clients connected (0 slaves), 922368 bytes in use
[65235] 31 Oct 17:45:22 - 0 clients connected (0 slaves), 922368 bytes in use
[65235] 31 Oct 17:45:27 - 0 clients connected (0 slaves), 922368 bytes in use
[65235] 31 Oct 17:45:32 - 0 clients connected (0 slaves), 922368 bytes in use
[65235] 31 Oct 17:45:37 - 0 clients connected (0 slaves), 922368 bytes in use
[65235] 31 Oct 17:45:42 - 0 clients connected (0 slaves), 922368 bytes in use
[65235] 31 Oct 17:45:47 - 0 clients connected (0 slaves), 922368 bytes in use
[65235] 31 Oct 17:45:52 - 0 clients connected (0 slaves), 922368 bytes in use
[65235] 31 Oct 17:45:57 - 0 clients connected (0 slaves), 922368 bytes in use
[65235] 31 Oct 17:46:02 - 0 clients connected (0 slaves), 922368 bytes in use
[65235] 31 Oct 17:46:07 - 0 clients connected (0 slaves), 922368 bytes in use
[65235] 31 Oct 17:46:12 - 0 clients connected (0 slaves), 922368 bytes in use
[65235] 31 Oct 17:46:17 - 0 clients connected (0 slaves), 922368 bytes in use
[65235] 31 Oct 17:46:22 - 0 clients connected (0 slaves), 922368 bytes in use
[65235] 31 Oct 17:46:28 - 0 clients connected (0 slaves), 922368 bytes in use
[65235] 31 Oct 17:46:33 - 0 clients connected (0 slaves), 922368 bytes in use
[65235] 31 Oct 17:46:38 - 0 clients connected (0 slaves), 922368 bytes in use
[65235] 31 Oct 17:46:43 - 0 clients connected (0 slaves), 922368 bytes in use
[65235] 31 Oct 17:46:48 - 0 clients connected (0 slaves), 922368 bytes in use
[65235] 31 Oct 17:46:53 - 0 clients connected (0 slaves), 922368 bytes in use
[65235] 31 Oct 17:46:58 - 0 clients connected (0 slaves), 922368 bytes in use
[65235] 31 Oct 17:47:03 - 0 clients connected (0 slaves), 922368 bytes in use
[65235] 31 Oct 17:47:08 - 0 clients connected (0 slaves), 922368 bytes in use
[65235] 31 Oct 17:47:13 - 0 clients connected (0 slaves), 922368 bytes in use
[65235] 31 Oct 17:47:18 - 0 clients connected (0 slaves), 922368 bytes in use
[65235] 31 Oct 17:47:23 - 0 clients connected (0 slaves), 922368 bytes in use
[65235] 31 Oct 17:47:28 - 0 clients connected (0 slaves), 922368 bytes in use
[65235] 31 Oct 17:47:33 - 0 clients connected (0 slaves), 922368 bytes in use
[65235] 31 Oct 17:47:38 - 0 clients connected (0 slaves), 922368 bytes in use
[65235] 31 Oct 17:47:43 - 0 clients connected (0 slaves), 922368 bytes in use
[65235] 31 Oct 17:47:48 - 0 clients connected (0 slaves), 922368 bytes in use
[65235] 31 Oct 17:47:53 - 0 clients connected (0 slaves), 922368 bytes in use
[65235] 31 Oct 17:47:58 - 0 clients connected (0 slaves), 922368 bytes in use
[65235] 31 Oct 17:48:03 - 0 clients connected (0 slaves), 922368 bytes in use
[65235] 31 Oct 17:48:08 - 0 clients connected (0 slaves), 922368 bytes in use
[65235] 31 Oct 17:48:13 - 0 clients connected (0 slaves), 922368 bytes in use
[65235] 31 Oct 17:48:18 - 0 clients connected (0 slaves), 922368 bytes in use
[65235] 31 Oct 17:48:23 - 0 clients connected (0 slaves), 922368 bytes in use
[65235] 31 Oct 17:48:28 - 0 clients connected (0 slaves), 922368 bytes in use
[65235] 31 Oct 17:48:33 - 0 clients connected (0 slaves), 922368 bytes in use
[65235] 31 Oct 17:48:38 - 0 clients connected (0 slaves), 922368 bytes in use
[65235] 31 Oct 17:48:43 - 0 clients connected (0 slaves), 922368 bytes in use
[65235] 31 Oct 17:48:48 - 0 clients connected (0 slaves), 922368 bytes in use
[65235] 31 Oct 17:48:53 - 0 clients connected (0 slaves), 922368 bytes in use
[65235] 31 Oct 17:48:58 - 0 clients connected (0 slaves), 922368 bytes in use
[65235] 31 Oct 17:49:04 - 0 clients connected (0 slaves), 922368 bytes in use
[65235] 31 Oct 17:49:09 - 0 clients connected (0 slaves), 922368 bytes in use
[65235] 31 Oct 17:49:14 - 0 clients connected (0 slaves), 922368 bytes in use
[65235] 31 Oct 17:49:19 - 0 clients connected (0 slaves), 922368 bytes in use
[65235] 31 Oct 17:49:24 - 0 clients connected (0 slaves), 922368 bytes in use
[65235] 31 Oct 17:49:29 - 0 clients connected (0 slaves), 922368 bytes in use
[65235] 31 Oct 17:49:34 - 0 clients connected (0 slaves), 922368 bytes in use
[65235] 31 Oct 17:49:39 - 0 clients connected (0 slaves), 922368 bytes in use
[65235] 31 Oct 17:49:44 - 0 clients connected (0 slaves), 922368 bytes in use
[65235] 31 Oct 17:49:49 - 0 clients connected (0 slaves), 922368 bytes in use
[65235] 31 Oct 17:49:54 - 0 clients connected (0 slaves), 922368 bytes in use
[65235] 31 Oct 17:49:59 - 0 clients connected (0 slaves), 922368 bytes in use
[65235] 31 Oct 17:50:04 - 0 clients connected (0 slaves), 922368 bytes in use
[65235] 31 Oct 17:50:09 - 0 clients connected (0 slaves), 922368 bytes in use
[65235] 31 Oct 17:50:14 - 0 clients connected (0 slaves), 922368 bytes in use
[65235] 31 Oct 17:50:19 - 0 clients connected (0 slaves), 922368 bytes in use
[65235] 31 Oct 17:50:24 - 0 clients connected (0 slaves), 922368 bytes in use
[65235] 31 Oct 17:50:29 - 0 clients connected (0 slaves), 922368 bytes in use
[65235] 31 Oct 17:50:34 - 0 clients connected (0 slaves), 922368 bytes in use
[65235] 31 Oct 17:50:39 - 0 clients connected (0 slaves), 922368 bytes in use
[65235] 31 Oct 17:50:44 - 0 clients connected (0 slaves), 922368 bytes in use
[65235] 31 Oct 17:50:49 - 0 clients connected (0 slaves), 922368 bytes in use
[65235] 31 Oct 17:50:54 - 0 clients connected (0 slaves), 922368 bytes in use
[65235] 31 Oct 17:50:59 - 0 clients connected (0 slaves), 922368 bytes in use
[65235] 31 Oct 17:51:04 - 0 clients connected (0 slaves), 922368 bytes in use
[65235] 31 Oct 17:51:09 - 0 clients connected (0 slaves), 922368 bytes in use
[65235] 31 Oct 17:51:14 - 0 clients connected (0 slaves), 922368 bytes in use
[65235] 31 Oct 17:51:19 - 0 clients connected (0 slaves), 922368 bytes in use
[65235] 31 Oct 17:51:24 - 0 clients connected (0 slaves), 922368 bytes in use
[65235] 31 Oct 17:51:30 - 0 clients connected (0 slaves), 922368 bytes in use
[65235] 31 Oct 17:51:35 - 0 clients connected (0 slaves), 922368 bytes in use
[65235] 31 Oct 17:51:40 - 0 clients connected (0 slaves), 922368 bytes in use
[65235] 31 Oct 17:51:45 - 0 clients connected (0 slaves), 922368 bytes in use
[65235] 31 Oct 17:51:50 - 0 clients connected (0 slaves), 922368 bytes in use
[65235] 31 Oct 17:51:55 - 0 clients connected (0 slaves), 922368 bytes in use
[65235] 31 Oct 17:52:00 - 0 clients connected (0 slaves), 922368 bytes in use
[65235] 31 Oct 17:52:05 - 0 clients connected (0 slaves), 922368 bytes in use
[65235] 31 Oct 17:52:10 - 0 clients connected (0 slaves), 922368 bytes in use
[65235] 31 Oct 17:52:15 - 0 clients connected (0 slaves), 922368 bytes in use
[65235] 31 Oct 17:52:20 - 0 clients connected (0 slaves), 922368 bytes in use
[65235] 31 Oct 17:52:25 - 0 clients connected (0 slaves), 922368 bytes in use
[65235] 31 Oct 17:52:30 - 0 clients connected (0 slaves), 922368 bytes in use
[65235] 31 Oct 17:52:35 - 0 clients connected (0 slaves), 922368 bytes in use
[65235] 31 Oct 17:52:40 - 0 clients connected (0 slaves), 922368 bytes in use
[65235] 31 Oct 17:52:45 - 0 clients connected (0 slaves), 922368 bytes in use
[65235] 31 Oct 17:52:50 - 0 clients connected (0 slaves), 922368 bytes in use
[65235] 31 Oct 17:52:55 - 0 clients connected (0 slaves), 922368 bytes in use
[65235] 31 Oct 17:53:00 - 0 clients connected (0 slaves), 922368 bytes in use
[65235] 31 Oct 17:53:05 - 0 clients connected (0 slaves), 922368 bytes in use
[65235] 31 Oct 17:53:10 - 0 clients connected (0 slaves), 922368 bytes in use
[65235] 31 Oct 17:53:15 - 0 clients connected (0 slaves), 922368 bytes in use
[65235] 31 Oct 17:53:20 - 0 clients connected (0 slaves), 922368 bytes in use
[65235] 31 Oct 17:53:25 - 0 clients connected (0 slaves), 922368 bytes in use
[65235] 31 Oct 17:53:30 - 0 clients connected (0 slaves), 922368 bytes in use
[65235] 31 Oct 17:53:35 - 0 clients connected (0 slaves), 922368 bytes in use
[65235] 31 Oct 17:53:40 - 0 clients connected (0 slaves), 922368 bytes in use
[65235] 31 Oct 17:53:45 - 0 clients connected (0 slaves), 922368 bytes in use
[65235] 31 Oct 17:53:50 - 0 clients connected (0 slaves), 922368 bytes in use
[65235] 31 Oct 17:53:56 - 0 clients connected (0 slaves), 922368 bytes in use
[65235] 31 Oct 17:54:01 - 0 clients connected (0 slaves), 922368 bytes in use
[65235] 31 Oct 17:54:06 - 0 clients connected (0 slaves), 922368 bytes in use
[65235] 31 Oct 17:54:11 - 0 clients connected (0 slaves), 922368 bytes in use
[65235] 31 Oct 17:54:16 - 0 clients connected (0 slaves), 922368 bytes in use
[65235] 31 Oct 17:54:21 - 0 clients connected (0 slaves), 922368 bytes in use
[65235] 31 Oct 17:54:26 - 0 clients connected (0 slaves), 922368 bytes in use
[65235] 31 Oct 17:54:31 - 0 clients connected (0 slaves), 922368 bytes in use
[65235] 31 Oct 17:54:36 - 0 clients connected (0 slaves), 922368 bytes in use
[65235] 31 Oct 17:54:41 - 0 clients connected (0 slaves), 922368 bytes in use
[65235] 31 Oct 17:54:46 - 0 clients connected (0 slaves), 922368 bytes in use
[65235] 31 Oct 17:54:51 - 0 clients connected (0 slaves), 922368 bytes in use
[65235] 31 Oct 17:54:56 - 0 clients connected (0 slaves), 922368 bytes in use
[65235] 31 Oct 17:55:01 - 0 clients connected (0 slaves), 922368 bytes in use
[65235] 31 Oct 17:55:06 - 0 clients connected (0 slaves), 922368 bytes in use
[65235] 31 Oct 17:55:11 - 0 clients connected (0 slaves), 922368 bytes in use
[65235] 31 Oct 17:55:16 - 0 clients connected (0 slaves), 922368 bytes in use
[65235] 31 Oct 17:55:21 - 0 clients connected (0 slaves), 922368 bytes in use
[65235] 31 Oct 17:55:26 - 0 clients connected (0 slaves), 922368 bytes in use
[65235] 31 Oct 17:55:31 - 0 clients connected (0 slaves), 922368 bytes in use
[65235] 31 Oct 17:55:36 - 0 clients connected (0 slaves), 922368 bytes in use
[65235] 31 Oct 17:55:41 - 0 clients connected (0 slaves), 922368 bytes in use
[65235] 31 Oct 17:55:46 - 0 clients connected (0 slaves), 922368 bytes in use
[65235] 31 Oct 17:55:51 - 0 clients connected (0 slaves), 922368 bytes in use
[65235] 31 Oct 17:55:56 - 0 clients connected (0 slaves), 922368 bytes in use
[65235] 31 Oct 17:56:01 - 0 clients connected (0 slaves), 922368 bytes in use
[65235] 31 Oct 17:56:06 - 0 clients connected (0 slaves), 922368 bytes in use
[65235] 31 Oct 17:56:11 - 0 clients connected (0 slaves), 922368 bytes in use
[65235] 31 Oct 17:56:16 - 0 clients connected (0 slaves), 922368 bytes in use
[65235] 31 Oct 17:56:21 - 0 clients connected (0 slaves), 922368 bytes in use
[65235] 31 Oct 17:56:26 - 0 clients connected (0 slaves), 922368 bytes in use
[65235] 31 Oct 17:56:31 - 0 clients connected (0 slaves), 922368 bytes in use
[65235] 31 Oct 17:56:36 - 0 clients connected (0 slaves), 922368 bytes in use
[65235] 31 Oct 17:56:42 - 0 clients connected (0 slaves), 922368 bytes in use
[65235] 31 Oct 17:56:47 - 0 clients connected (0 slaves), 922368 bytes in use
[65235] 31 Oct 17:56:52 - 0 clients connected (0 slaves), 922368 bytes in use
[65235] 31 Oct 17:56:57 - 0 clients connected (0 slaves), 922368 bytes in use
[65235] 31 Oct 17:57:02 - 0 clients connected (0 slaves), 922368 bytes in use
[65235] 31 Oct 17:57:07 - 0 clients connected (0 slaves), 922368 bytes in use
[65235] 31 Oct 17:57:12 - 0 clients connected (0 slaves), 922368 bytes in use
[65235] 31 Oct 17:57:17 - 0 clients connected (0 slaves), 922368 bytes in use
[65235] 31 Oct 17:57:22 - 0 clients connected (0 slaves), 922368 bytes in use
[65235] 31 Oct 17:57:27 - 0 clients connected (0 slaves), 922368 bytes in use
[65235] 31 Oct 17:57:32 - 0 clients connected (0 slaves), 922368 bytes in use
[65235] 31 Oct 17:57:37 - 0 clients connected (0 slaves), 922368 bytes in use
[65235] 31 Oct 17:57:42 - 0 clients connected (0 slaves), 922368 bytes in use
[65235] 31 Oct 17:57:47 - 0 clients connected (0 slaves), 922368 bytes in use
[65235] 31 Oct 17:57:52 - 0 clients connected (0 slaves), 922368 bytes in use
[65235] 31 Oct 17:57:57 - 0 clients connected (0 slaves), 922368 bytes in use
[65235] 31 Oct 17:58:02 - 0 clients connected (0 slaves), 922368 bytes in use
[65235] 31 Oct 17:58:07 - 0 clients connected (0 slaves), 922368 bytes in use
[65235] 31 Oct 17:58:12 - 0 clients connected (0 slaves), 922368 bytes in use
[65235] 31 Oct 17:58:17 - 0 clients connected (0 slaves), 922368 bytes in use
[65235] 31 Oct 17:58:22 - 0 clients connected (0 slaves), 922368 bytes in use
[65235] 31 Oct 17:58:27 - 0 clients connected (0 slaves), 922368 bytes in use
[65235] 31 Oct 17:58:32 - 0 clients connected (0 slaves), 922368 bytes in use
[65235] 31 Oct 17:58:37 - 0 clients connected (0 slaves), 922368 bytes in use
[65235] 31 Oct 17:58:42 - 0 clients connected (0 slaves), 922368 bytes in use
[65235] 31 Oct 17:58:47 - 0 clients connected (0 slaves), 922368 bytes in use
[65235] 31 Oct 17:58:52 - 0 clients connected (0 slaves), 922368 bytes in use
[65235] 31 Oct 17:58:57 - 0 clients connected (0 slaves), 922368 bytes in use
[65235] 31 Oct 17:59:02 - 0 clients connected (0 slaves), 922368 bytes in use
[65235] 31 Oct 17:59:08 - 0 clients connected (0 slaves), 922368 bytes in use
[65235] 31 Oct 17:59:13 - 0 clients connected (0 slaves), 922368 bytes in use
[65235] 31 Oct 17:59:18 - 0 clients connected (0 slaves), 922368 bytes in use
[65235] 31 Oct 17:59:23 - 0 clients connected (0 slaves), 922368 bytes in use
[65235] 31 Oct 17:59:28 - 0 clients connected (0 slaves), 922368 bytes in use
[65235] 31 Oct 17:59:33 - 0 clients connected (0 slaves), 922368 bytes in use
[65235] 31 Oct 17:59:38 - 0 clients connected (0 slaves), 922368 bytes in use
[65235] 31 Oct 17:59:43 - 0 clients connected (0 slaves), 922368 bytes in use
[65235] 31 Oct 17:59:48 - 0 clients connected (0 slaves), 922368 bytes in use
[65235] 31 Oct 17:59:53 - 0 clients connected (0 slaves), 922368 bytes in use
[65235] 31 Oct 17:59:58 - 0 clients connected (0 slaves), 922368 bytes in use
[65235] 31 Oct 18:00:03 - 0 clients connected (0 slaves), 922368 bytes in use
[65235] 31 Oct 18:00:08 - 0 clients connected (0 slaves), 922368 bytes in use
[65235] 31 Oct 18:00:13 - 0 clients connected (0 slaves), 922368 bytes in use
[65235] 31 Oct 18:00:18 - 0 clients connected (0 slaves), 922368 bytes in use
[65235] 31 Oct 18:00:23 - 0 clients connected (0 slaves), 922368 bytes in use
[65235] 31 Oct 18:00:28 - 0 clients connected (0 slaves), 922368 bytes in use
[65235] 31 Oct 18:00:33 - 0 clients connected (0 slaves), 922368 bytes in use
[65235] 31 Oct 18:00:38 - 0 clients connected (0 slaves), 922368 bytes in use
[65235] 31 Oct 18:00:43 - 0 clients connected (0 slaves), 922368 bytes in use
[65235] 31 Oct 18:00:48 - 0 clients connected (0 slaves), 922368 bytes in use
[65235] 31 Oct 18:00:53 - 0 clients connected (0 slaves), 922368 bytes in use
[65235] 31 Oct 18:00:58 - 0 clients connected (0 slaves), 922368 bytes in use
[65235] 31 Oct 18:01:03 - 0 clients connected (0 slaves), 922368 bytes in use
[65235] 31 Oct 18:01:08 - 0 clients connected (0 slaves), 922368 bytes in use
[65235] 31 Oct 18:01:13 - 0 clients connected (0 slaves), 922368 bytes in use
[65235] 31 Oct 18:01:18 - 0 clients connected (0 slaves), 922368 bytes in use
[65235] 31 Oct 18:01:23 - 0 clients connected (0 slaves), 922368 bytes in use
[65235] 31 Oct 18:01:29 - 0 clients connected (0 slaves), 922368 bytes in use
[65235] 31 Oct 18:01:34 - 0 clients connected (0 slaves), 922368 bytes in use
[65235] 31 Oct 18:01:39 - 0 clients connected (0 slaves), 922368 bytes in use
[65235] 31 Oct 18:01:44 - 0 clients connected (0 slaves), 922368 bytes in use
[65235] 31 Oct 18:01:49 - 0 clients connected (0 slaves), 922368 bytes in use
[65235] 31 Oct 18:01:54 - 0 clients connected (0 slaves), 922368 bytes in use
[65235] 31 Oct 18:01:59 - 0 clients connected (0 slaves), 922368 bytes in use
[65235] 31 Oct 18:02:04 - 0 clients connected (0 slaves), 922368 bytes in use
[65235] 31 Oct 18:02:09 - 0 clients connected (0 slaves), 922368 bytes in use
[65235] 31 Oct 18:02:14 - 0 clients connected (0 slaves), 922368 bytes in use
[65235] 31 Oct 18:02:19 - 0 clients connected (0 slaves), 922368 bytes in use
[65235] 31 Oct 18:02:24 - 0 clients connected (0 slaves), 922368 bytes in use
[65235] 31 Oct 18:02:29 - 0 clients connected (0 slaves), 922368 bytes in use
[65235] 31 Oct 18:02:34 - 0 clients connected (0 slaves), 922368 bytes in use
[65235] 31 Oct 18:02:39 - 0 clients connected (0 slaves), 922368 bytes in use
[65235] 31 Oct 18:02:44 - 0 clients connected (0 slaves), 922368 bytes in use
[65235] 31 Oct 18:02:49 - 0 clients connected (0 slaves), 922368 bytes in use
[65235] 31 Oct 18:02:54 - 0 clients connected (0 slaves), 922368 bytes in use
[65235] 31 Oct 18:02:59 - 0 clients connected (0 slaves), 922368 bytes in use
[65235] 31 Oct 18:03:04 - 0 clients connected (0 slaves), 922368 bytes in use
[65235] 31 Oct 18:03:09 - 0 clients connected (0 slaves), 922368 bytes in use
[65235] 31 Oct 18:03:14 - 0 clients connected (0 slaves), 922368 bytes in use
[65235] 31 Oct 18:03:19 - 0 clients connected (0 slaves), 922368 bytes in use
[65235] 31 Oct 18:03:24 - 0 clients connected (0 slaves), 922368 bytes in use
[65235] 31 Oct 18:03:29 - 0 clients connected (0 slaves), 922368 bytes in use
[65235] 31 Oct 18:03:34 - 0 clients connected (0 slaves), 922368 bytes in use
[65235] 31 Oct 18:03:39 - 0 clients connected (0 slaves), 922368 bytes in use
[65235] 31 Oct 18:03:44 - 0 clients connected (0 slaves), 922368 bytes in use
[65235] 31 Oct 18:03:49 - 0 clients connected (0 slaves), 922368 bytes in use
[65235] 31 Oct 18:03:55 - 0 clients connected (0 slaves), 922368 bytes in use
[65235] 31 Oct 18:04:00 - 0 clients connected (0 slaves), 922368 bytes in use
[65235] 31 Oct 18:04:05 - 0 clients connected (0 slaves), 922368 bytes in use
[65235] 31 Oct 18:04:10 - 0 clients connected (0 slaves), 922368 bytes in use
[65235] 31 Oct 18:04:15 - 0 clients connected (0 slaves), 922368 bytes in use
[65235] 31 Oct 18:04:20 - 0 clients connected (0 slaves), 922368 bytes in use
[65235] 31 Oct 18:04:25 - 0 clients connected (0 slaves), 922368 bytes in use
[65235] 31 Oct 18:04:30 - 0 clients connected (0 slaves), 922368 bytes in use
[65235] 31 Oct 18:04:35 - 0 clients connected (0 slaves), 922368 bytes in use
[65235] 31 Oct 18:04:40 - 0 clients connected (0 slaves), 922368 bytes in use
[65235] 31 Oct 18:04:45 - 0 clients connected (0 slaves), 922368 bytes in use
[65235] 31 Oct 18:04:50 - 0 clients connected (0 slaves), 922368 bytes in use
[65235] 31 Oct 18:04:55 - 0 clients connected (0 slaves), 922368 bytes in use
[65235] 31 Oct 18:05:00 - 0 clients connected (0 slaves), 922368 bytes in use
[65235] 31 Oct 18:05:05 - 0 clients connected (0 slaves), 922368 bytes in use
[65235] 31 Oct 18:05:10 - 0 clients connected (0 slaves), 922368 bytes in use
[65235] 31 Oct 18:05:15 - 0 clients connected (0 slaves), 922368 bytes in use
[65235] 31 Oct 18:05:20 - 0 clients connected (0 slaves), 922368 bytes in use
[65235] 31 Oct 18:05:25 - 0 clients connected (0 slaves), 922368 bytes in use
[65235] 31 Oct 18:05:30 - 0 clients connected (0 slaves), 922368 bytes in use
[65235] 31 Oct 18:05:35 - 0 clients connected (0 slaves), 922368 bytes in use
[65235] 31 Oct 18:05:40 - 0 clients connected (0 slaves), 922368 bytes in use
[65235] 31 Oct 18:05:45 - 0 clients connected (0 slaves), 922368 bytes in use
[65235] 31 Oct 18:05:50 - 0 clients connected (0 slaves), 922368 bytes in use
[65235] 31 Oct 18:05:55 - 0 clients connected (0 slaves), 922368 bytes in use
[65235] 31 Oct 18:06:00 - 0 clients connected (0 slaves), 922368 bytes in use
[65235] 31 Oct 18:06:05 - 0 clients connected (0 slaves), 922368 bytes in use
[65235] 31 Oct 18:06:10 - 0 clients connected (0 slaves), 922368 bytes in use
[65235] 31 Oct 18:06:15 - 0 clients connected (0 slaves), 922368 bytes in use
[65235] 31 Oct 18:06:20 - 0 clients connected (0 slaves), 922368 bytes in use
[65235] 31 Oct 18:06:25 - 0 clients connected (0 slaves), 922368 bytes in use
[65235] 31 Oct 18:06:31 - 0 clients connected (0 slaves), 922368 bytes in use
[65235] 31 Oct 18:06:36 - 0 clients connected (0 slaves), 922368 bytes in use
[65235] 31 Oct 18:06:41 - 0 clients connected (0 slaves), 922368 bytes in use
[65235] 31 Oct 18:06:46 - 0 clients connected (0 slaves), 922368 bytes in use
[65235] 31 Oct 18:06:51 - 0 clients connected (0 slaves), 922368 bytes in use
[65235] 31 Oct 18:06:56 - 0 clients connected (0 slaves), 922368 bytes in use
[65235] 31 Oct 18:07:01 - 0 clients connected (0 slaves), 922368 bytes in use
[65235] 31 Oct 18:07:06 - 0 clients connected (0 slaves), 922368 bytes in use
[65235] 31 Oct 18:07:11 - 0 clients connected (0 slaves), 922368 bytes in use
[65235] 31 Oct 18:07:16 - 0 clients connected (0 slaves), 922368 bytes in use
[65235] 31 Oct 18:07:21 - 0 clients connected (0 slaves), 922368 bytes in use
[65235] 31 Oct 18:07:26 - 0 clients connected (0 slaves), 922368 bytes in use
[65235] 31 Oct 18:07:31 - 0 clients connected (0 slaves), 922368 bytes in use
[65235] 31 Oct 18:07:36 - 0 clients connected (0 slaves), 922368 bytes in use
[65235] 31 Oct 18:07:41 - 0 clients connected (0 slaves), 922368 bytes in use
[65235] 31 Oct 18:07:46 - 0 clients connected (0 slaves), 922368 bytes in use
[65235] 31 Oct 18:07:51 - 0 clients connected (0 slaves), 922368 bytes in use
[65235] 31 Oct 18:07:56 - 0 clients connected (0 slaves), 922368 bytes in use
[65235] 31 Oct 18:08:01 - 0 clients connected (0 slaves), 922368 bytes in use
[65235] 31 Oct 18:08:06 - 0 clients connected (0 slaves), 922368 bytes in use
[65235] 31 Oct 18:08:11 - 0 clients connected (0 slaves), 922368 bytes in use
[65235] 31 Oct 18:08:16 - 0 clients connected (0 slaves), 922368 bytes in use
[65235] 31 Oct 18:08:21 - 0 clients connected (0 slaves), 922368 bytes in use
[65235] 31 Oct 18:08:26 - 0 clients connected (0 slaves), 922368 bytes in use
[65235] 31 Oct 18:08:31 - 0 clients connected (0 slaves), 922368 bytes in use
[65235] 31 Oct 18:08:36 - 0 clients connected (0 slaves), 922368 bytes in use
[65235] 31 Oct 18:08:41 - 0 clients connected (0 slaves), 922368 bytes in use
[65235] 31 Oct 18:08:46 - 0 clients connected (0 slaves), 922368 bytes in use
[65235] 31 Oct 18:08:51 - 0 clients connected (0 slaves), 922368 bytes in use
[65235] 31 Oct 18:08:56 - 0 clients connected (0 slaves), 922368 bytes in use
[65235] 31 Oct 18:09:01 - 0 clients connected (0 slaves), 922368 bytes in use
[65235] 31 Oct 18:09:07 - 0 clients connected (0 slaves), 922368 bytes in use
[65235] 31 Oct 18:09:12 - 0 clients connected (0 slaves), 922368 bytes in use
[65235] 31 Oct 18:09:17 - 0 clients connected (0 slaves), 922368 bytes in use
[65235] 31 Oct 18:09:22 - 0 clients connected (0 slaves), 922368 bytes in use
[65235] 31 Oct 18:09:27 - 0 clients connected (0 slaves), 922368 bytes in use
[65235] 31 Oct 18:09:32 - 0 clients connected (0 slaves), 922368 bytes in use
[65235] 31 Oct 18:09:37 - 0 clients connected (0 slaves), 922368 bytes in use
[65235] 31 Oct 18:09:42 - 0 clients connected (0 slaves), 922368 bytes in use
[65235] 31 Oct 18:09:47 - 0 clients connected (0 slaves), 922368 bytes in use
[65235] 31 Oct 18:09:52 - 0 clients connected (0 slaves), 922368 bytes in use
[65235] 31 Oct 18:09:57 - 0 clients connected (0 slaves), 922368 bytes in use
[65235] 31 Oct 18:10:02 - 0 clients connected (0 slaves), 922368 bytes in use
[65235] 31 Oct 18:10:07 - 0 clients connected (0 slaves), 922368 bytes in use
[65235] 31 Oct 18:10:12 - 0 clients connected (0 slaves), 922368 bytes in use
[65235] 31 Oct 18:10:17 - 0 clients connected (0 slaves), 922368 bytes in use
[65235] 31 Oct 18:10:22 - 0 clients connected (0 slaves), 922368 bytes in use
[65235] 31 Oct 18:10:27 - 0 clients connected (0 slaves), 922368 bytes in use
[65235] 31 Oct 18:10:32 - 0 clients connected (0 slaves), 922368 bytes in use
[65235] 31 Oct 18:10:37 - 0 clients connected (0 slaves), 922368 bytes in use
[65235] 31 Oct 18:10:42 - 0 clients connected (0 slaves), 922368 bytes in use
[65235] 31 Oct 18:10:47 - 0 clients connected (0 slaves), 922368 bytes in use
[65235] 31 Oct 18:10:52 - 0 clients connected (0 slaves), 922368 bytes in use
[65235] 31 Oct 18:10:57 - 0 clients connected (0 slaves), 922368 bytes in use
[65235] 31 Oct 18:11:02 - 0 clients connected (0 slaves), 922368 bytes in use
[65235] 31 Oct 18:11:07 - 0 clients connected (0 slaves), 922368 bytes in use
[65235] 31 Oct 18:11:12 - 0 clients connected (0 slaves), 922368 bytes in use
[65235] 31 Oct 18:11:17 - 0 clients connected (0 slaves), 922368 bytes in use
[65235] 31 Oct 18:11:22 - 0 clients connected (0 slaves), 922368 bytes in use
[65235] 31 Oct 18:11:27 - 0 clients connected (0 slaves), 922368 bytes in use
[65235] 31 Oct 18:11:32 - 0 clients connected (0 slaves), 922368 bytes in use
[65235] 31 Oct 18:11:38 - 0 clients connected (0 slaves), 922368 bytes in use
[65235] 31 Oct 18:11:43 - 0 clients connected (0 slaves), 922368 bytes in use
[65235] 31 Oct 18:11:48 - 0 clients connected (0 slaves), 922368 bytes in use
[65235] 31 Oct 18:11:53 - 0 clients connected (0 slaves), 922368 bytes in use
[65235] 31 Oct 18:11:58 - 0 clients connected (0 slaves), 922368 bytes in use
[65235] 31 Oct 18:12:03 - 0 clients connected (0 slaves), 922368 bytes in use
[65235] 31 Oct 18:12:08 - 0 clients connected (0 slaves), 922368 bytes in use
[65235] 31 Oct 18:12:13 - 0 clients connected (0 slaves), 922368 bytes in use
[65235] 31 Oct 18:12:18 - 0 clients connected (0 slaves), 922368 bytes in use
[65235] 31 Oct 18:12:23 - 0 clients connected (0 slaves), 922368 bytes in use
[65235] 31 Oct 18:12:28 - 0 clients connected (0 slaves), 922368 bytes in use
[65235] 31 Oct 18:12:33 - 0 clients connected (0 slaves), 922368 bytes in use
[65235] 31 Oct 18:12:38 - 0 clients connected (0 slaves), 922368 bytes in use
[65235] 31 Oct 18:12:43 - 0 clients connected (0 slaves), 922368 bytes in use
[65235] 31 Oct 18:12:48 - 0 clients connected (0 slaves), 922368 bytes in use
[65235] 31 Oct 18:12:53 - 0 clients connected (0 slaves), 922368 bytes in use
[65235] 31 Oct 18:12:58 - 0 clients connected (0 slaves), 922368 bytes in use
[65235] 31 Oct 18:13:03 - 0 clients connected (0 slaves), 922368 bytes in use
[65235] 31 Oct 18:13:08 - 0 clients connected (0 slaves), 922368 bytes in use
[65235] 31 Oct 18:13:13 - 0 clients connected (0 slaves), 922368 bytes in use
[65235] 31 Oct 18:13:18 - 0 clients connected (0 slaves), 922368 bytes in use
[65235] 31 Oct 18:13:23 - 0 clients connected (0 slaves), 922368 bytes in use
[65235] 31 Oct 18:13:28 - 0 clients connected (0 slaves), 922368 bytes in use
[65235] 31 Oct 18:13:33 - 0 clients connected (0 slaves), 922368 bytes in use
[65235] 31 Oct 18:13:38 - 0 clients connected (0 slaves), 922368 bytes in use
[65235] 31 Oct 18:13:43 - 0 clients connected (0 slaves), 922368 bytes in use
[65235] 31 Oct 18:13:48 - 0 clients connected (0 slaves), 922368 bytes in use
[65235] 31 Oct 18:13:53 - 0 clients connected (0 slaves), 922368 bytes in use
[65235] 31 Oct 18:13:58 - 0 clients connected (0 slaves), 922368 bytes in use
[65235] 31 Oct 18:14:03 - 0 clients connected (0 slaves), 922368 bytes in use
[65235] 31 Oct 18:14:09 - 0 clients connected (0 slaves), 922368 bytes in use
[65235] 31 Oct 18:14:14 - 0 clients connected (0 slaves), 922368 bytes in use
[65235] 31 Oct 18:14:19 - 0 clients connected (0 slaves), 922368 bytes in use
[65235] 31 Oct 18:14:24 - 0 clients connected (0 slaves), 922368 bytes in use
[65235] 31 Oct 18:14:29 - 0 clients connected (0 slaves), 922368 bytes in use
[65235] 31 Oct 18:14:34 - 0 clients connected (0 slaves), 922368 bytes in use
[65235] 31 Oct 18:14:39 - 0 clients connected (0 slaves), 922368 bytes in use
[65235] 31 Oct 18:14:44 - 0 clients connected (0 slaves), 922368 bytes in use
[65235] 31 Oct 18:14:49 - 0 clients connected (0 slaves), 922368 bytes in use
[65235] 31 Oct 18:14:54 - 0 clients connected (0 slaves), 922368 bytes in use
[65235] 31 Oct 18:14:59 - 0 clients connected (0 slaves), 922368 bytes in use
[65235] 31 Oct 18:15:04 - 0 clients connected (0 slaves), 922368 bytes in use
[65235] 31 Oct 18:15:09 - 0 clients connected (0 slaves), 922368 bytes in use
[65235] 31 Oct 18:15:14 - 0 clients connected (0 slaves), 922368 bytes in use
[65235] 31 Oct 18:15:19 - 0 clients connected (0 slaves), 922368 bytes in use
[65235] 31 Oct 18:15:24 - 0 clients connected (0 slaves), 922368 bytes in use
[65235] 31 Oct 18:15:29 - 0 clients connected (0 slaves), 922368 bytes in use
[65235] 31 Oct 18:15:34 - 0 clients connected (0 slaves), 922368 bytes in use
[65235] 31 Oct 18:15:39 - 0 clients connected (0 slaves), 922368 bytes in use
[65235] 31 Oct 18:15:44 - 0 clients connected (0 slaves), 922368 bytes in use
[65235] 31 Oct 18:15:49 - 0 clients connected (0 slaves), 922368 bytes in use
[65235] 31 Oct 18:15:54 - 0 clients connected (0 slaves), 922368 bytes in use
[65235] 31 Oct 18:15:59 - 0 clients connected (0 slaves), 922368 bytes in use
[65235] 31 Oct 18:16:04 - 0 clients connected (0 slaves), 922368 bytes in use
[65235] 31 Oct 18:16:09 - 0 clients connected (0 slaves), 922368 bytes in use
[65235] 31 Oct 18:16:14 - 0 clients connected (0 slaves), 922368 bytes in use
[65235] 31 Oct 18:16:19 - 0 clients connected (0 slaves), 922368 bytes in use
[65235] 31 Oct 18:16:24 - 0 clients connected (0 slaves), 922368 bytes in use
[65235] 31 Oct 18:16:29 - 0 clients connected (0 slaves), 922368 bytes in use
[65235] 31 Oct 18:16:34 - 0 clients connected (0 slaves), 922368 bytes in use
[65235] 31 Oct 18:16:40 - 0 clients connected (0 slaves), 922368 bytes in use
[65235] 31 Oct 18:16:45 - 0 clients connected (0 slaves), 922368 bytes in use
[65235] 31 Oct 18:16:50 - 0 clients connected (0 slaves), 922368 bytes in use
[65235] 31 Oct 18:16:55 - 0 clients connected (0 slaves), 922368 bytes in use
[65235] 31 Oct 18:17:00 - 0 clients connected (0 slaves), 922368 bytes in use
[65235] 31 Oct 18:17:05 - 0 clients connected (0 slaves), 922368 bytes in use
[65235] 31 Oct 18:17:10 - 0 clients connected (0 slaves), 922368 bytes in use
[65235] 31 Oct 18:17:15 - 0 clients connected (0 slaves), 922368 bytes in use
[65235] 31 Oct 18:17:20 - 0 clients connected (0 slaves), 922368 bytes in use
[65235] 31 Oct 18:17:25 - 0 clients connected (0 slaves), 922368 bytes in use
[65235] 31 Oct 18:17:30 - 0 clients connected (0 slaves), 922368 bytes in use
[65235] 31 Oct 18:17:35 - 0 clients connected (0 slaves), 922368 bytes in use
[65235] 31 Oct 18:17:40 - 0 clients connected (0 slaves), 922368 bytes in use
[65235] 31 Oct 18:17:45 - 0 clients connected (0 slaves), 922368 bytes in use
[65235] 31 Oct 18:17:50 - 0 clients connected (0 slaves), 922368 bytes in use
[65235] 31 Oct 18:17:55 - 0 clients connected (0 slaves), 922368 bytes in use
[65235] 31 Oct 18:18:00 - 0 clients connected (0 slaves), 922368 bytes in use
[65235] 31 Oct 18:18:05 - 0 clients connected (0 slaves), 922368 bytes in use
[65235] 31 Oct 18:18:10 - 0 clients connected (0 slaves), 922368 bytes in use
[65235] 31 Oct 18:18:15 - 0 clients connected (0 slaves), 922368 bytes in use
[65235] 31 Oct 18:18:20 - 0 clients connected (0 slaves), 922368 bytes in use
[65235] 31 Oct 18:18:25 - 0 clients connected (0 slaves), 922368 bytes in use
[65235] 31 Oct 18:18:30 - 0 clients connected (0 slaves), 922368 bytes in use
[65235] 31 Oct 18:18:35 - 0 clients connected (0 slaves), 922368 bytes in use
[65235] 31 Oct 18:18:40 - 0 clients connected (0 slaves), 922368 bytes in use
[65235] 31 Oct 18:18:45 - 0 clients connected (0 slaves), 922368 bytes in use
[65235] 31 Oct 18:18:50 - 0 clients connected (0 slaves), 922368 bytes in use
[65235] 31 Oct 18:18:55 - 0 clients connected (0 slaves), 922368 bytes in use
[65235] 31 Oct 18:19:01 - 0 clients connected (0 slaves), 922368 bytes in use
[65235] 31 Oct 18:19:06 - 0 clients connected (0 slaves), 922368 bytes in use
[65235] 31 Oct 18:19:11 - 0 clients connected (0 slaves), 922368 bytes in use
[65235] 31 Oct 18:19:16 - 0 clients connected (0 slaves), 922368 bytes in use
[65235] 31 Oct 18:19:21 - 0 clients connected (0 slaves), 922368 bytes in use
[65235] 31 Oct 18:19:26 - 0 clients connected (0 slaves), 922368 bytes in use
[65235] 31 Oct 18:19:31 - 0 clients connected (0 slaves), 922368 bytes in use
[65235] 31 Oct 18:19:36 - 0 clients connected (0 slaves), 922368 bytes in use
[65235] 31 Oct 18:19:41 - 0 clients connected (0 slaves), 922368 bytes in use
[65235] 31 Oct 18:19:46 - 0 clients connected (0 slaves), 922368 bytes in use
[65235] 31 Oct 18:19:51 - 0 clients connected (0 slaves), 922368 bytes in use
[65235] 31 Oct 18:19:56 - 0 clients connected (0 slaves), 922368 bytes in use
[65235] 31 Oct 18:20:01 - 0 clients connected (0 slaves), 922368 bytes in use
[65235] 31 Oct 18:20:06 - 0 clients connected (0 slaves), 922368 bytes in use
[65235] 31 Oct 18:20:11 - 0 clients connected (0 slaves), 922368 bytes in use
[65235] 31 Oct 18:20:16 - 0 clients connected (0 slaves), 922368 bytes in use
[65235] 31 Oct 18:20:21 - 0 clients connected (0 slaves), 922368 bytes in use
[65235] 31 Oct 18:20:26 - 0 clients connected (0 slaves), 922368 bytes in use
[65235] 31 Oct 18:20:31 - 0 clients connected (0 slaves), 922368 bytes in use
[65235] 31 Oct 18:20:36 - 0 clients connected (0 slaves), 922368 bytes in use
[65235] 31 Oct 18:20:41 - 0 clients connected (0 slaves), 922368 bytes in use
[65235] 31 Oct 18:20:46 - 0 clients connected (0 slaves), 922368 bytes in use
[65235] 31 Oct 18:20:51 - 0 clients connected (0 slaves), 922368 bytes in use
[65235] 31 Oct 18:20:56 - 0 clients connected (0 slaves), 922368 bytes in use
[65235] 31 Oct 18:21:01 - 0 clients connected (0 slaves), 922368 bytes in use
[65235] 31 Oct 18:21:06 - 0 clients connected (0 slaves), 922368 bytes in use
[65235] 31 Oct 18:21:11 - 0 clients connected (0 slaves), 922368 bytes in use
[65235] 31 Oct 18:21:16 - 0 clients connected (0 slaves), 922368 bytes in use
[65235] 31 Oct 18:21:21 - 0 clients connected (0 slaves), 922368 bytes in use
[65235] 31 Oct 18:21:27 - 0 clients connected (0 slaves), 922368 bytes in use
[65235] 31 Oct 18:21:32 - 0 clients connected (0 slaves), 922368 bytes in use
[65235] 31 Oct 18:21:37 - 0 clients connected (0 slaves), 922368 bytes in use
[65235] 31 Oct 18:21:42 - 0 clients connected (0 slaves), 922368 bytes in use
[65235] 31 Oct 18:21:47 - 0 clients connected (0 slaves), 922368 bytes in use
[65235] 31 Oct 18:21:52 - 0 clients connected (0 slaves), 922368 bytes in use
[65235] 31 Oct 18:21:57 - 0 clients connected (0 slaves), 922368 bytes in use
[65235] 31 Oct 18:22:02 - 0 clients connected (0 slaves), 922368 bytes in use
[65235] 31 Oct 18:22:07 - 0 clients connected (0 slaves), 922368 bytes in use
[65235] 31 Oct 18:22:12 - 0 clients connected (0 slaves), 922368 bytes in use
[65235] 31 Oct 18:22:17 - 0 clients connected (0 slaves), 922368 bytes in use
[65235] 31 Oct 18:22:22 - 0 clients connected (0 slaves), 922368 bytes in use
[65235] 31 Oct 18:22:27 - 0 clients connected (0 slaves), 922368 bytes in use
[65235] 31 Oct 18:22:32 - 0 clients connected (0 slaves), 922368 bytes in use
[65235] 31 Oct 18:22:37 - 0 clients connected (0 slaves), 922368 bytes in use
[65235] 31 Oct 18:22:42 - 0 clients connected (0 slaves), 922368 bytes in use
[65235] 31 Oct 18:22:47 - 0 clients connected (0 slaves), 922368 bytes in use
[65235] 31 Oct 18:22:52 - 0 clients connected (0 slaves), 922368 bytes in use
[65235] 31 Oct 18:22:57 - 0 clients connected (0 slaves), 922368 bytes in use
[65235] 31 Oct 18:23:02 - 0 clients connected (0 slaves), 922368 bytes in use
[65235] 31 Oct 18:23:07 - 0 clients connected (0 slaves), 922368 bytes in use
[65235] 31 Oct 18:23:12 - 0 clients connected (0 slaves), 922368 bytes in use
[65235] 31 Oct 18:23:17 - 0 clients connected (0 slaves), 922368 bytes in use
[65235] 31 Oct 18:23:22 - 0 clients connected (0 slaves), 922368 bytes in use
[65235] 31 Oct 18:23:27 - 0 clients connected (0 slaves), 922368 bytes in use
[65235] 31 Oct 18:23:32 - 0 clients connected (0 slaves), 922368 bytes in use
[65235] 31 Oct 18:23:38 - 0 clients connected (0 slaves), 922368 bytes in use
[65235] 31 Oct 18:23:43 - 0 clients connected (0 slaves), 922368 bytes in use
[65235] 31 Oct 18:23:48 - 0 clients connected (0 slaves), 922368 bytes in use
[65235] 31 Oct 18:23:53 - 0 clients connected (0 slaves), 922368 bytes in use
[65235] 31 Oct 18:23:58 - 0 clients connected (0 slaves), 922368 bytes in use
[65235] 31 Oct 18:24:03 - 0 clients connected (0 slaves), 922368 bytes in use
[65235] 31 Oct 18:24:08 - 0 clients connected (0 slaves), 922368 bytes in use
[65235] 31 Oct 18:24:13 - 0 clients connected (0 slaves), 922368 bytes in use
[65235] 31 Oct 18:24:18 - 0 clients connected (0 slaves), 922368 bytes in use
[65235] 31 Oct 18:24:23 - 0 clients connected (0 slaves), 922368 bytes in use
[65235] 31 Oct 18:24:28 - 0 clients connected (0 slaves), 922368 bytes in use
[65235] 31 Oct 18:24:33 - 0 clients connected (0 slaves), 922368 bytes in use
[65235] 31 Oct 18:24:38 - 0 clients connected (0 slaves), 922368 bytes in use
[65235] 31 Oct 18:24:43 - 0 clients connected (0 slaves), 922368 bytes in use
[65235] 31 Oct 18:24:48 - 0 clients connected (0 slaves), 922368 bytes in use
[65235] 31 Oct 18:24:53 - 0 clients connected (0 slaves), 922368 bytes in use
[65235] 31 Oct 18:24:58 - 0 clients connected (0 slaves), 922368 bytes in use
[65235] 31 Oct 18:25:03 - 0 clients connected (0 slaves), 922368 bytes in use
[65235] 31 Oct 18:25:08 - 0 clients connected (0 slaves), 922368 bytes in use
[65235] 31 Oct 18:25:13 - 0 clients connected (0 slaves), 922368 bytes in use
[65235] 31 Oct 18:25:18 - 0 clients connected (0 slaves), 922368 bytes in use
[65235] 31 Oct 18:25:23 - 0 clients connected (0 slaves), 922368 bytes in use
[65235] 31 Oct 18:25:28 - 0 clients connected (0 slaves), 922368 bytes in use
[65235] 31 Oct 18:25:33 - 0 clients connected (0 slaves), 922368 bytes in use
[65235] 31 Oct 18:25:38 - 0 clients connected (0 slaves), 922368 bytes in use
[65235] 31 Oct 18:25:43 - 0 clients connected (0 slaves), 922368 bytes in use
[65235] 31 Oct 18:25:49 - 0 clients connected (0 slaves), 922368 bytes in use
[65235] 31 Oct 18:25:54 - 0 clients connected (0 slaves), 922368 bytes in use
[65235] 31 Oct 18:25:59 - 0 clients connected (0 slaves), 922368 bytes in use
[65235] 31 Oct 18:26:04 - 0 clients connected (0 slaves), 922368 bytes in use
[65235] 31 Oct 18:26:09 - 0 clients connected (0 slaves), 922368 bytes in use
[65235] 31 Oct 18:26:14 - 0 clients connected (0 slaves), 922368 bytes in use
[65235] 31 Oct 18:26:19 - 0 clients connected (0 slaves), 922368 bytes in use
[65235] 31 Oct 18:26:24 - 0 clients connected (0 slaves), 922368 bytes in use
[65235] 31 Oct 18:26:29 - 0 clients connected (0 slaves), 922368 bytes in use
[65235] 31 Oct 18:26:34 - 0 clients connected (0 slaves), 922368 bytes in use
[65235] 31 Oct 18:26:39 - 0 clients connected (0 slaves), 922368 bytes in use
[65235] 31 Oct 18:26:44 - 0 clients connected (0 slaves), 922368 bytes in use
[65235] 31 Oct 18:26:49 - 0 clients connected (0 slaves), 922368 bytes in use
[65235] 31 Oct 18:26:54 - 0 clients connected (0 slaves), 922368 bytes in use
[65235] 31 Oct 18:26:59 - 0 clients connected (0 slaves), 922368 bytes in use
[65235] 31 Oct 18:27:04 - 0 clients connected (0 slaves), 922368 bytes in use
[65235] 31 Oct 18:27:09 - 0 clients connected (0 slaves), 922368 bytes in use
[65235] 31 Oct 18:27:14 - 0 clients connected (0 slaves), 922368 bytes in use
[65235] 31 Oct 18:27:19 - 0 clients connected (0 slaves), 922368 bytes in use
[65235] 31 Oct 18:27:24 - 0 clients connected (0 slaves), 922368 bytes in use
[65235] 31 Oct 18:27:29 - 0 clients connected (0 slaves), 922368 bytes in use
[65235] 31 Oct 18:27:34 - 0 clients connected (0 slaves), 922368 bytes in use
[65235] 31 Oct 18:27:39 - 0 clients connected (0 slaves), 922368 bytes in use
[65235] 31 Oct 18:27:44 - 0 clients connected (0 slaves), 922368 bytes in use
[65235] 31 Oct 18:27:49 - 0 clients connected (0 slaves), 922368 bytes in use
[65235] 31 Oct 18:27:54 - 0 clients connected (0 slaves), 922368 bytes in use
[65235] 31 Oct 18:27:59 - 0 clients connected (0 slaves), 922368 bytes in use
[65235] 31 Oct 18:28:04 - 0 clients connected (0 slaves), 922368 bytes in use
[65235] 31 Oct 18:28:10 - 0 clients connected (0 slaves), 922368 bytes in use
[65235] 31 Oct 18:28:15 - 0 clients connected (0 slaves), 922368 bytes in use
[65235] 31 Oct 18:28:20 - 0 clients connected (0 slaves), 922368 bytes in use
[65235] 31 Oct 18:28:25 - 0 clients connected (0 slaves), 922368 bytes in use
[65235] 31 Oct 18:28:30 - 0 clients connected (0 slaves), 922368 bytes in use
[65235] 31 Oct 18:28:35 - 0 clients connected (0 slaves), 922368 bytes in use
[65235] 31 Oct 18:28:40 - 0 clients connected (0 slaves), 922368 bytes in use
[65235] 31 Oct 18:28:45 - 0 clients connected (0 slaves), 922368 bytes in use
[65235] 31 Oct 18:28:50 - 0 clients connected (0 slaves), 922368 bytes in use
[65235] 31 Oct 18:28:55 - 0 clients connected (0 slaves), 922368 bytes in use
[65235] 31 Oct 18:29:00 - 0 clients connected (0 slaves), 922368 bytes in use
[65235] 31 Oct 18:29:05 - 0 clients connected (0 slaves), 922368 bytes in use
[65235] 31 Oct 18:29:10 - 0 clients connected (0 slaves), 922368 bytes in use
[65235] 31 Oct 18:29:15 - 0 clients connected (0 slaves), 922368 bytes in use
[65235] 31 Oct 18:29:20 - 0 clients connected (0 slaves), 922368 bytes in use
[65235] 31 Oct 18:29:25 - 0 clients connected (0 slaves), 922368 bytes in use
[65235] 31 Oct 18:29:30 - 0 clients connected (0 slaves), 922368 bytes in use
[65235] 31 Oct 18:29:35 - 0 clients connected (0 slaves), 922368 bytes in use
[65235] 31 Oct 18:29:40 - 0 clients connected (0 slaves), 922368 bytes in use
[65235] 31 Oct 18:29:45 - 0 clients connected (0 slaves), 922368 bytes in use
[65235] 31 Oct 18:29:50 - 0 clients connected (0 slaves), 922368 bytes in use
[65235] 31 Oct 18:29:55 - 0 clients connected (0 slaves), 922368 bytes in use
[65235] 31 Oct 18:30:00 - 0 clients connected (0 slaves), 922368 bytes in use
[65235] 31 Oct 18:30:05 - 0 clients connected (0 slaves), 922368 bytes in use
[65235] 31 Oct 18:30:10 - 0 clients connected (0 slaves), 922368 bytes in use
[65235] 31 Oct 18:30:16 - 0 clients connected (0 slaves), 922368 bytes in use
[65235] 31 Oct 18:30:21 - 0 clients connected (0 slaves), 922368 bytes in use
[65235] 31 Oct 18:30:26 - 0 clients connected (0 slaves), 922368 bytes in use
[65235] 31 Oct 18:30:31 - 0 clients connected (0 slaves), 922368 bytes in use
[65235] 31 Oct 18:30:36 - 0 clients connected (0 slaves), 922368 bytes in use
[65235] 31 Oct 18:30:41 - 0 clients connected (0 slaves), 922368 bytes in use
[65235] 31 Oct 18:30:46 - 0 clients connected (0 slaves), 922368 bytes in use
[65235] 31 Oct 18:30:51 - 0 clients connected (0 slaves), 922368 bytes in use
[65235] 31 Oct 18:30:56 - 0 clients connected (0 slaves), 922368 bytes in use
[65235] 31 Oct 18:31:01 - 0 clients connected (0 slaves), 922368 bytes in use
[65235] 31 Oct 18:31:06 - 0 clients connected (0 slaves), 922368 bytes in use
[65235] 31 Oct 18:31:11 - 0 clients connected (0 slaves), 922368 bytes in use
[65235] 31 Oct 18:31:16 - 0 clients connected (0 slaves), 922368 bytes in use
[65235] 31 Oct 18:31:21 - 0 clients connected (0 slaves), 922368 bytes in use
[65235] 31 Oct 18:31:26 - 0 clients connected (0 slaves), 922368 bytes in use
[65235] 31 Oct 18:31:31 - 0 clients connected (0 slaves), 922368 bytes in use
[65235] 31 Oct 18:31:36 - 0 clients connected (0 slaves), 922368 bytes in use
[65235] 31 Oct 18:31:41 - 0 clients connected (0 slaves), 922368 bytes in use
[65235] 31 Oct 18:31:46 - 0 clients connected (0 slaves), 922368 bytes in use
[65235] 31 Oct 18:31:51 - 0 clients connected (0 slaves), 922368 bytes in use
[65235] 31 Oct 18:31:56 - 0 clients connected (0 slaves), 922368 bytes in use
[65235] 31 Oct 18:32:01 - 0 clients connected (0 slaves), 922368 bytes in use
[65235] 31 Oct 18:32:06 - 0 clients connected (0 slaves), 922368 bytes in use
[65235] 31 Oct 18:32:11 - 0 clients connected (0 slaves), 922368 bytes in use
[65235] 31 Oct 18:32:16 - 0 clients connected (0 slaves), 922368 bytes in use
[65235] 31 Oct 18:32:21 - 0 clients connected (0 slaves), 922368 bytes in use
[65235] 31 Oct 18:32:26 - 0 clients connected (0 slaves), 922368 bytes in use
[65235] 31 Oct 18:32:32 - 0 clients connected (0 slaves), 922368 bytes in use
[65235] 31 Oct 18:32:37 - 0 clients connected (0 slaves), 922368 bytes in use
[65235] 31 Oct 18:32:42 - 0 clients connected (0 slaves), 922368 bytes in use
[65235] 31 Oct 18:32:47 - 0 clients connected (0 slaves), 922368 bytes in use
[65235] 31 Oct 18:32:52 - 0 clients connected (0 slaves), 922368 bytes in use
[65235] 31 Oct 18:32:57 - 0 clients connected (0 slaves), 922368 bytes in use
[65235] 31 Oct 18:33:02 - 0 clients connected (0 slaves), 922368 bytes in use
[65235] 31 Oct 18:33:07 - 0 clients connected (0 slaves), 922368 bytes in use
[65235] 31 Oct 18:33:12 - 0 clients connected (0 slaves), 922368 bytes in use
[65235] 31 Oct 18:33:17 - 0 clients connected (0 slaves), 922368 bytes in use
[65235] 31 Oct 18:33:22 - 0 clients connected (0 slaves), 922368 bytes in use
[65235] 31 Oct 18:33:27 - 0 clients connected (0 slaves), 922368 bytes in use
[65235] 31 Oct 18:33:32 - 0 clients connected (0 slaves), 922368 bytes in use
[65235] 31 Oct 18:33:37 - 0 clients connected (0 slaves), 922368 bytes in use
[65235] 31 Oct 18:33:42 - 0 clients connected (0 slaves), 922368 bytes in use
[65235] 31 Oct 18:33:47 - 0 clients connected (0 slaves), 922368 bytes in use
[65235] 31 Oct 18:33:52 - 0 clients connected (0 slaves), 922368 bytes in use
[65235] 31 Oct 18:33:57 - 0 clients connected (0 slaves), 922368 bytes in use
[65235] 31 Oct 18:34:02 - 0 clients connected (0 slaves), 922368 bytes in use
[65235] 31 Oct 18:34:07 - 0 clients connected (0 slaves), 922368 bytes in use
[65235] 31 Oct 18:34:12 - 0 clients connected (0 slaves), 922368 bytes in use
[65235] 31 Oct 18:34:17 - 0 clients connected (0 slaves), 922368 bytes in use
[65235] 31 Oct 18:34:22 - 0 clients connected (0 slaves), 922368 bytes in use
[65235] 31 Oct 18:34:27 - 0 clients connected (0 slaves), 922368 bytes in use
[65235] 31 Oct 18:34:32 - 0 clients connected (0 slaves), 922368 bytes in use
[65235] 31 Oct 18:34:37 - 0 clients connected (0 slaves), 922368 bytes in use
[65235] 31 Oct 18:34:42 - 0 clients connected (0 slaves), 922368 bytes in use
[65235] 31 Oct 18:34:47 - 0 clients connected (0 slaves), 922368 bytes in use
[65235] 31 Oct 18:34:52 - 0 clients connected (0 slaves), 922368 bytes in use
[65235] 31 Oct 18:34:58 - 0 clients connected (0 slaves), 922368 bytes in use
[65235] 31 Oct 18:35:03 - 0 clients connected (0 slaves), 922368 bytes in use
[65235] 31 Oct 18:35:08 - 0 clients connected (0 slaves), 922368 bytes in use
[65235] 31 Oct 18:35:13 - 0 clients connected (0 slaves), 922368 bytes in use
[65235] 31 Oct 18:35:18 - 0 clients connected (0 slaves), 922368 bytes in use
[65235] 31 Oct 18:35:23 - 0 clients connected (0 slaves), 922368 bytes in use
[65235] 31 Oct 18:35:28 - 0 clients connected (0 slaves), 922368 bytes in use
[65235] 31 Oct 18:35:33 - 0 clients connected (0 slaves), 922368 bytes in use
[65235] 31 Oct 18:35:38 - 0 clients connected (0 slaves), 922368 bytes in use
[65235] 31 Oct 18:35:43 - 0 clients connected (0 slaves), 922368 bytes in use
[65235] 31 Oct 18:35:48 - 0 clients connected (0 slaves), 922368 bytes in use
[65235] 31 Oct 18:35:53 - 0 clients connected (0 slaves), 922368 bytes in use
[65235] 31 Oct 18:35:58 - 0 clients connected (0 slaves), 922368 bytes in use
[65235] 31 Oct 18:36:03 - 0 clients connected (0 slaves), 922368 bytes in use
[65235] 31 Oct 18:36:08 - 0 clients connected (0 slaves), 922368 bytes in use
[65235] 31 Oct 18:36:13 - 0 clients connected (0 slaves), 922368 bytes in use
[65235] 31 Oct 18:36:18 - 0 clients connected (0 slaves), 922368 bytes in use
[65235] 31 Oct 18:36:23 - 0 clients connected (0 slaves), 922368 bytes in use
[65235] 31 Oct 18:36:28 - 0 clients connected (0 slaves), 922368 bytes in use
[65235] 31 Oct 18:36:33 - 0 clients connected (0 slaves), 922368 bytes in use
[65235] 31 Oct 18:36:38 - 0 clients connected (0 slaves), 922368 bytes in use
[65235] 31 Oct 18:36:43 - 0 clients connected (0 slaves), 922368 bytes in use
[65235] 31 Oct 18:36:48 - 0 clients connected (0 slaves), 922368 bytes in use
[65235] 31 Oct 18:36:53 - 0 clients connected (0 slaves), 922368 bytes in use
[65235] 31 Oct 18:36:58 - 0 clients connected (0 slaves), 922368 bytes in use
[65235] 31 Oct 18:37:03 - 0 clients connected (0 slaves), 922368 bytes in use
[65235] 31 Oct 18:37:08 - 0 clients connected (0 slaves), 922368 bytes in use
[65235] 31 Oct 18:37:13 - 0 clients connected (0 slaves), 922368 bytes in use
[65235] 31 Oct 18:37:19 - 0 clients connected (0 slaves), 922368 bytes in use
[65235] 31 Oct 18:37:24 - 0 clients connected (0 slaves), 922368 bytes in use
[65235] 31 Oct 18:37:29 - 0 clients connected (0 slaves), 922368 bytes in use
[65235] 31 Oct 18:37:34 - 0 clients connected (0 slaves), 922368 bytes in use
[65235] 31 Oct 18:37:39 - 0 clients connected (0 slaves), 922368 bytes in use
[65235] 31 Oct 18:37:44 - 0 clients connected (0 slaves), 922368 bytes in use
[65235] 31 Oct 18:37:49 - 0 clients connected (0 slaves), 922368 bytes in use
[65235] 31 Oct 18:37:54 - 0 clients connected (0 slaves), 922368 bytes in use
[65235] 31 Oct 18:37:59 - 0 clients connected (0 slaves), 922368 bytes in use
[65235] 31 Oct 18:38:04 - 0 clients connected (0 slaves), 922368 bytes in use
[65235] 31 Oct 18:38:09 - 0 clients connected (0 slaves), 922368 bytes in use
[65235] 31 Oct 18:38:14 - 0 clients connected (0 slaves), 922368 bytes in use
[65235] 31 Oct 18:38:19 - 0 clients connected (0 slaves), 922368 bytes in use
[65235] 31 Oct 18:38:24 - 0 clients connected (0 slaves), 922368 bytes in use
[65235] 31 Oct 18:38:29 - 0 clients connected (0 slaves), 922368 bytes in use
[65235] 31 Oct 18:38:34 - 0 clients connected (0 slaves), 922368 bytes in use
[65235] 31 Oct 18:38:39 - 0 clients connected (0 slaves), 922368 bytes in use
[65235] 31 Oct 18:38:44 - 0 clients connected (0 slaves), 922368 bytes in use
[65235] 31 Oct 18:38:49 - 0 clients connected (0 slaves), 922368 bytes in use
[65235] 31 Oct 18:38:54 - 0 clients connected (0 slaves), 922368 bytes in use
[65235] 31 Oct 18:38:59 - 0 clients connected (0 slaves), 922368 bytes in use
[65235] 31 Oct 18:39:04 - 0 clients connected (0 slaves), 922368 bytes in use
[65235] 31 Oct 18:39:09 - 0 clients connected (0 slaves), 922368 bytes in use
[65235] 31 Oct 18:39:14 - 0 clients connected (0 slaves), 922368 bytes in use
[65235] 31 Oct 18:39:19 - 0 clients connected (0 slaves), 922368 bytes in use
[65235] 31 Oct 18:39:24 - 0 clients connected (0 slaves), 922368 bytes in use
[65235] 31 Oct 18:39:29 - 0 clients connected (0 slaves), 922368 bytes in use
[65235] 31 Oct 18:39:34 - 0 clients connected (0 slaves), 922368 bytes in use
[65235] 31 Oct 18:39:39 - 0 clients connected (0 slaves), 922368 bytes in use
[65235] 31 Oct 18:39:45 - 0 clients connected (0 slaves), 922368 bytes in use
